This is pdfTeX, Version 3.14159265-2.6-1.40.19 (MiKTeX 2.9.6880 64-bit) (preloaded format=pdflatex 2018.12.3)  4 DEC 2018 11:33
entering extended mode
**./0.tex
(0.tex
LaTeX2e <2018-04-01> patch level 5
(D:\dev\tex\miktex\tex\latex\base\article.cls
Document Class: article 2014/09/29 v1.4h Standard LaTeX document class
(D:\dev\tex\miktex\tex\latex\base\size12.clo
File: size12.clo 2014/09/29 v1.4h Standard LaTeX file (size option)
)
\c@part=\count80
\c@section=\count81
\c@subsection=\count82
\c@subsubsection=\count83
\c@paragraph=\count84
\c@subparagraph=\count85
\c@figure=\count86
\c@table=\count87
\abovecaptionskip=\skip41
\belowcaptionskip=\skip42
\bibindent=\dimen102
)
(D:\dev\tex\miktex\tex\latex\base\inputenc.sty
Package: inputenc 2018/04/06 v1.3b Input encoding file
\inpenc@prehook=\toks14
\inpenc@posthook=\toks15
)
(D:\dev\tex\miktex\tex\generic\babel\babel.sty
Package: babel 2018/11/13 3.27 The Babel package

(D:\dev\tex\miktex\tex\generic\babel\switch.def
File: switch.def 2018/11/13 3.27 Babel switching mechanism
)
*************************************
* Local config file bblopts.cfg used
*
(C:\Users\Jackass\AppData\Roaming\MiKTeX\2.9\tex\latex\arabi\bblopts.cfg
File: bblopts.cfg 2005/09/08 v0.1 add Arabic and Farsi to "declared" options of
 babel
)
(D:\dev\tex\miktex\tex\latex\babel-english\english.ldf
Language: english 2017/06/06 v3.3r English support from the babel system

(D:\dev\tex\miktex\tex\generic\babel\babel.def
File: babel.def 2018/11/13 3.27 Babel common definitions
\babel@savecnt=\count88
\U@D=\dimen103

(D:\dev\tex\miktex\tex\generic\babel\txtbabel.def)
\bbl@dirlevel=\count89
)
\l@canadian = a dialect from \language\l@american 
\l@australian = a dialect from \language\l@british 
\l@newzealand = a dialect from \language\l@british 
)
(C:\Users\Jackass\AppData\Roaming\MiKTeX\2.9\tex\latex\babel-russian\russianb.l
df
Language: russian 2017/08/12 1.3j Russian support for the Babel system


Package babel Warning: No Cyrillic font encoding has been loaded so far.
(babel)                A font encoding should be declared before babel.
(babel)                Default `T2A' encoding will be loaded  on input line 74.


(D:\dev\tex\miktex\tex\latex\cyrillic\t2aenc.def
File: t2aenc.def 2005/09/27 v1.0i Cyrillic encoding definition file
Now handling font encoding T2A ...
... processing UTF-8 mapping file for font encoding T2A

(D:\dev\tex\miktex\tex\latex\base\t2aenc.dfu
File: t2aenc.dfu 2018/04/05 v1.2c UTF-8 support for inputenc
   defining Unicode char U+00A4 (decimal 164)
   defining Unicode char U+00A7 (decimal 167)
   defining Unicode char U+00AB (decimal 171)
   defining Unicode char U+00BB (decimal 187)
   defining Unicode char U+0131 (decimal 305)
   defining Unicode char U+0400 (decimal 1024)
   defining Unicode char U+0401 (decimal 1025)
   defining Unicode char U+0402 (decimal 1026)
   defining Unicode char U+0403 (decimal 1027)
   defining Unicode char U+0404 (decimal 1028)
   defining Unicode char U+0405 (decimal 1029)
   defining Unicode char U+0406 (decimal 1030)
   defining Unicode char U+0407 (decimal 1031)
   defining Unicode char U+0408 (decimal 1032)
   defining Unicode char U+0409 (decimal 1033)
   defining Unicode char U+040A (decimal 1034)
   defining Unicode char U+040B (decimal 1035)
   defining Unicode char U+040C (decimal 1036)
   defining Unicode char U+040D (decimal 1037)
   defining Unicode char U+040E (decimal 1038)
   defining Unicode char U+040F (decimal 1039)
   defining Unicode char U+0410 (decimal 1040)
   defining Unicode char U+0411 (decimal 1041)
   defining Unicode char U+0412 (decimal 1042)
   defining Unicode char U+0413 (decimal 1043)
   defining Unicode char U+0414 (decimal 1044)
   defining Unicode char U+0415 (decimal 1045)
   defining Unicode char U+0416 (decimal 1046)
   defining Unicode char U+0417 (decimal 1047)
   defining Unicode char U+0418 (decimal 1048)
   defining Unicode char U+0419 (decimal 1049)
   defining Unicode char U+041A (decimal 1050)
   defining Unicode char U+041B (decimal 1051)
   defining Unicode char U+041C (decimal 1052)
   defining Unicode char U+041D (decimal 1053)
   defining Unicode char U+041E (decimal 1054)
   defining Unicode char U+041F (decimal 1055)
   defining Unicode char U+0420 (decimal 1056)
   defining Unicode char U+0421 (decimal 1057)
   defining Unicode char U+0422 (decimal 1058)
   defining Unicode char U+0423 (decimal 1059)
   defining Unicode char U+0424 (decimal 1060)
   defining Unicode char U+0425 (decimal 1061)
   defining Unicode char U+0426 (decimal 1062)
   defining Unicode char U+0427 (decimal 1063)
   defining Unicode char U+0428 (decimal 1064)
   defining Unicode char U+0429 (decimal 1065)
   defining Unicode char U+042A (decimal 1066)
   defining Unicode char U+042B (decimal 1067)
   defining Unicode char U+042C (decimal 1068)
   defining Unicode char U+042D (decimal 1069)
   defining Unicode char U+042E (decimal 1070)
   defining Unicode char U+042F (decimal 1071)
   defining Unicode char U+0430 (decimal 1072)
   defining Unicode char U+0431 (decimal 1073)
   defining Unicode char U+0432 (decimal 1074)
   defining Unicode char U+0433 (decimal 1075)
   defining Unicode char U+0434 (decimal 1076)
   defining Unicode char U+0435 (decimal 1077)
   defining Unicode char U+0436 (decimal 1078)
   defining Unicode char U+0437 (decimal 1079)
   defining Unicode char U+0438 (decimal 1080)
   defining Unicode char U+0439 (decimal 1081)
   defining Unicode char U+043A (decimal 1082)
   defining Unicode char U+043B (decimal 1083)
   defining Unicode char U+043C (decimal 1084)
   defining Unicode char U+043D (decimal 1085)
   defining Unicode char U+043E (decimal 1086)
   defining Unicode char U+043F (decimal 1087)
   defining Unicode char U+0440 (decimal 1088)
   defining Unicode char U+0441 (decimal 1089)
   defining Unicode char U+0442 (decimal 1090)
   defining Unicode char U+0443 (decimal 1091)
   defining Unicode char U+0444 (decimal 1092)
   defining Unicode char U+0445 (decimal 1093)
   defining Unicode char U+0446 (decimal 1094)
   defining Unicode char U+0447 (decimal 1095)
   defining Unicode char U+0448 (decimal 1096)
   defining Unicode char U+0449 (decimal 1097)
   defining Unicode char U+044A (decimal 1098)
   defining Unicode char U+044B (decimal 1099)
   defining Unicode char U+044C (decimal 1100)
   defining Unicode char U+044D (decimal 1101)
   defining Unicode char U+044E (decimal 1102)
   defining Unicode char U+044F (decimal 1103)
   defining Unicode char U+0450 (decimal 1104)
   defining Unicode char U+0451 (decimal 1105)
   defining Unicode char U+0452 (decimal 1106)
   defining Unicode char U+0453 (decimal 1107)
   defining Unicode char U+0454 (decimal 1108)
   defining Unicode char U+0455 (decimal 1109)
   defining Unicode char U+0456 (decimal 1110)
   defining Unicode char U+0457 (decimal 1111)
   defining Unicode char U+0458 (decimal 1112)
   defining Unicode char U+0459 (decimal 1113)
   defining Unicode char U+045A (decimal 1114)
   defining Unicode char U+045B (decimal 1115)
   defining Unicode char U+045C (decimal 1116)
   defining Unicode char U+045D (decimal 1117)
   defining Unicode char U+045E (decimal 1118)
   defining Unicode char U+045F (decimal 1119)
   defining Unicode char U+0490 (decimal 1168)
   defining Unicode char U+0491 (decimal 1169)
   defining Unicode char U+0492 (decimal 1170)
   defining Unicode char U+0493 (decimal 1171)
   defining Unicode char U+0496 (decimal 1174)
   defining Unicode char U+0497 (decimal 1175)
   defining Unicode char U+0498 (decimal 1176)
   defining Unicode char U+0499 (decimal 1177)
   defining Unicode char U+049A (decimal 1178)
   defining Unicode char U+049B (decimal 1179)
   defining Unicode char U+049C (decimal 1180)
   defining Unicode char U+049D (decimal 1181)
   defining Unicode char U+04A0 (decimal 1184)
   defining Unicode char U+04A1 (decimal 1185)
   defining Unicode char U+04A2 (decimal 1186)
   defining Unicode char U+04A3 (decimal 1187)
   defining Unicode char U+04A4 (decimal 1188)
   defining Unicode char U+04A5 (decimal 1189)
   defining Unicode char U+04AA (decimal 1194)
   defining Unicode char U+04AB (decimal 1195)
   defining Unicode char U+04AE (decimal 1198)
   defining Unicode char U+04AF (decimal 1199)
   defining Unicode char U+04B0 (decimal 1200)
   defining Unicode char U+04B1 (decimal 1201)
   defining Unicode char U+04B2 (decimal 1202)
   defining Unicode char U+04B3 (decimal 1203)
   defining Unicode char U+04B6 (decimal 1206)
   defining Unicode char U+04B7 (decimal 1207)
   defining Unicode char U+04B8 (decimal 1208)
   defining Unicode char U+04B9 (decimal 1209)
   defining Unicode char U+04BA (decimal 1210)
   defining Unicode char U+04BB (decimal 1211)
   defining Unicode char U+04C0 (decimal 1216)
   defining Unicode char U+04C1 (decimal 1217)
   defining Unicode char U+04C2 (decimal 1218)
   defining Unicode char U+04D0 (decimal 1232)
   defining Unicode char U+04D1 (decimal 1233)
   defining Unicode char U+04D2 (decimal 1234)
   defining Unicode char U+04D3 (decimal 1235)
   defining Unicode char U+04D4 (decimal 1236)
   defining Unicode char U+04D5 (decimal 1237)
   defining Unicode char U+04D6 (decimal 1238)
   defining Unicode char U+04D7 (decimal 1239)
   defining Unicode char U+04D8 (decimal 1240)
   defining Unicode char U+04D9 (decimal 1241)
   defining Unicode char U+04DA (decimal 1242)
   defining Unicode char U+04DB (decimal 1243)
   defining Unicode char U+04DC (decimal 1244)
   defining Unicode char U+04DD (decimal 1245)
   defining Unicode char U+04DE (decimal 1246)
   defining Unicode char U+04DF (decimal 1247)
   defining Unicode char U+04E2 (decimal 1250)
   defining Unicode char U+04E3 (decimal 1251)
   defining Unicode char U+04E4 (decimal 1252)
   defining Unicode char U+04E5 (decimal 1253)
   defining Unicode char U+04E6 (decimal 1254)
   defining Unicode char U+04E7 (decimal 1255)
   defining Unicode char U+04E8 (decimal 1256)
   defining Unicode char U+04E9 (decimal 1257)
   defining Unicode char U+04EC (decimal 1260)
   defining Unicode char U+04ED (decimal 1261)
   defining Unicode char U+04EE (decimal 1262)
   defining Unicode char U+04EF (decimal 1263)
   defining Unicode char U+04F0 (decimal 1264)
   defining Unicode char U+04F1 (decimal 1265)
   defining Unicode char U+04F2 (decimal 1266)
   defining Unicode char U+04F3 (decimal 1267)
   defining Unicode char U+04F4 (decimal 1268)
   defining Unicode char U+04F5 (decimal 1269)
   defining Unicode char U+04F8 (decimal 1272)
   defining Unicode char U+04F9 (decimal 1273)
   defining Unicode char U+200C (decimal 8204)
   defining Unicode char U+2013 (decimal 8211)
   defining Unicode char U+2014 (decimal 8212)
   defining Unicode char U+2018 (decimal 8216)
   defining Unicode char U+2019 (decimal 8217)
   defining Unicode char U+201C (decimal 8220)
   defining Unicode char U+201D (decimal 8221)
   defining Unicode char U+201E (decimal 8222)
   defining Unicode char U+2030 (decimal 8240)
   defining Unicode char U+2031 (decimal 8241)
   defining Unicode char U+2116 (decimal 8470)
   defining Unicode char U+2329 (decimal 9001)
   defining Unicode char U+232A (decimal 9002)
   defining Unicode char U+2423 (decimal 9251)
))
Package babel Info: Making " an active character on input line 120.
Package babel Info: Default for \cyrdash is provided on input line 157.
))
(D:\dev\tex\miktex\tex\latex\tools\indentfirst.sty
Package: indentfirst 1995/11/23 v1.03 Indent first paragraph (DPC)
)
(C:\Users\Jackass\AppData\Roaming\MiKTeX\2.9\tex\latex\t2\misccorr.sty
Package: misccorr 1999/09/23 v0.1 misc corrections for russian typesetting

(D:\dev\tex\miktex\tex\latex\amsfonts\amssymb.sty
Package: amssymb 2013/01/14 v3.01 AMS font symbols

(D:\dev\tex\miktex\tex\latex\amsfonts\amsfonts.sty
Package: amsfonts 2013/01/14 v3.01 Basic AMSFonts support
\@emptytoks=\toks16
\symAMSa=\mathgroup4
\symAMSb=\mathgroup5
LaTeX Font Info:    Overwriting math alphabet `\mathfrak' in version `bold'
(Font)                  U/euf/m/n --> U/euf/b/n on input line 106.
))
(D:\dev\tex\miktex\tex\latex\tools\enumerate.sty
Package: enumerate 2015/07/23 v3.00 enumerate extensions (DPC)
\@enLab=\toks17
)
\c@rlistctr=\count90
)
(D:\dev\tex\miktex\tex\latex\graphics\graphicx.sty
Package: graphicx 2017/06/01 v1.1a Enhanced LaTeX Graphics (DPC,SPQR)

(D:\dev\tex\miktex\tex\latex\graphics\keyval.sty
Package: keyval 2014/10/28 v1.15 key=value parser (DPC)
\KV@toks@=\toks18
)
(D:\dev\tex\miktex\tex\latex\graphics\graphics.sty
Package: graphics 2017/06/25 v1.2c Standard LaTeX Graphics (DPC,SPQR)

(D:\dev\tex\miktex\tex\latex\graphics\trig.sty
Package: trig 2016/01/03 v1.10 sin cos tan (DPC)
)
(D:\dev\tex\miktex\tex\latex\graphics-cfg\graphics.cfg
File: graphics.cfg 2016/06/04 v1.11 sample graphics configuration
)
Package graphics Info: Driver file: pdftex.def on input line 99.

(D:\dev\tex\miktex\tex\latex\graphics-def\pdftex.def
File: pdftex.def 2018/01/08 v1.0l Graphics/color driver for pdftex
))
\Gin@req@height=\dimen104
\Gin@req@width=\dimen105
)
(C:\Users\Jackass\AppData\Roaming\MiKTeX\2.9\tex\latex\floatflt\floatflt.sty
Package: floatflt 1997/07/16 v. 1.31
\c@OptionTest=\count91
\figbox=\box26
\tabbox=\box27
\pagebox=\box28
\ffigcount=\count92
\ftabcount=\count93
\fftest=\count94
\hangcount=\count95
\nosuccesstryfig=\count96
\nosuccesstrytab=\count97
\figgutter=\dimen106
\tabgutter=\dimen107
\htdone=\dimen108
\pageht=\dimen109
\startpageht=\dimen110
\tabbredd=\dimen111
\floatfltwidth=\dimen112
\fltitemwidth=\dimen113
\outputpretest=\toks19
)
(D:\dev\tex\miktex\tex\latex\amsmath\amsmath.sty
Package: amsmath 2017/09/02 v2.17a AMS math features
\@mathmargin=\skip43

For additional information on amsmath, use the `?' option.
(D:\dev\tex\miktex\tex\latex\amsmath\amstext.sty
Package: amstext 2000/06/29 v2.01 AMS text

(D:\dev\tex\miktex\tex\latex\amsmath\amsgen.sty
File: amsgen.sty 1999/11/30 v2.0 generic functions
\@emptytoks=\toks20
\ex@=\dimen114
))
(D:\dev\tex\miktex\tex\latex\amsmath\amsbsy.sty
Package: amsbsy 1999/11/29 v1.2d Bold Symbols
\pmbraise@=\dimen115
)
(D:\dev\tex\miktex\tex\latex\amsmath\amsopn.sty
Package: amsopn 2016/03/08 v2.02 operator names
)
\inf@bad=\count98
LaTeX Info: Redefining \frac on input line 213.
\uproot@=\count99
\leftroot@=\count100
LaTeX Info: Redefining \overline on input line 375.
\classnum@=\count101
\DOTSCASE@=\count102
LaTeX Info: Redefining \ldots on input line 472.
LaTeX Info: Redefining \dots on input line 475.
LaTeX Info: Redefining \cdots on input line 596.
\Mathstrutbox@=\box29
\strutbox@=\box30
\big@size=\dimen116
LaTeX Font Info:    Redeclaring font encoding OML on input line 712.
LaTeX Font Info:    Redeclaring font encoding OMS on input line 713.
\macc@depth=\count103
\c@MaxMatrixCols=\count104
\dotsspace@=\muskip10
\c@parentequation=\count105
\dspbrk@lvl=\count106
\tag@help=\toks21
\row@=\count107
\column@=\count108
\maxfields@=\count109
\andhelp@=\toks22
\eqnshift@=\dimen117
\alignsep@=\dimen118
\tagshift@=\dimen119
\tagwidth@=\dimen120
\totwidth@=\dimen121
\lineht@=\dimen122
\@envbody=\toks23
\multlinegap=\skip44
\multlinetaggap=\skip45
\mathdisplay@stack=\toks24
LaTeX Info: Redefining \[ on input line 2817.
LaTeX Info: Redefining \] on input line 2818.
)
(D:\dev\tex\miktex\tex\latex\graphics\color.sty
Package: color 2016/07/10 v1.1e Standard LaTeX Color (DPC)

(D:\dev\tex\miktex\tex\latex\graphics-cfg\color.cfg
File: color.cfg 2016/01/02 v1.6 sample color configuration
)
Package color Info: Driver file: pdftex.def on input line 147.
)
(D:\dev\tex\miktex\tex\latex\hyperref\hyperref.sty
Package: hyperref 2018/09/30 v6.88a Hypertext links for LaTeX

(D:\dev\tex\miktex\tex\generic\oberdiek\hobsub-hyperref.sty
Package: hobsub-hyperref 2016/05/16 v1.14 Bundle oberdiek, subset hyperref (HO)


(D:\dev\tex\miktex\tex\generic\oberdiek\hobsub-generic.sty
Package: hobsub-generic 2016/05/16 v1.14 Bundle oberdiek, subset generic (HO)
Package: hobsub 2016/05/16 v1.14 Construct package bundles (HO)
Package: infwarerr 2016/05/16 v1.4 Providing info/warning/error messages (HO)
Package: ltxcmds 2016/05/16 v1.23 LaTeX kernel commands for general use (HO)
Package: ifluatex 2016/05/16 v1.4 Provides the ifluatex switch (HO)
Package ifluatex Info: LuaTeX not detected.
Package: ifvtex 2016/05/16 v1.6 Detect VTeX and its facilities (HO)
Package ifvtex Info: VTeX not detected.
Package: intcalc 2016/05/16 v1.2 Expandable calculations with integers (HO)
Package: ifpdf 2018/09/07 v3.3 Provides the ifpdf switch
Package: etexcmds 2016/05/16 v1.6 Avoid name clashes with e-TeX commands (HO)
Package: kvsetkeys 2016/05/16 v1.17 Key value parser (HO)
Package: kvdefinekeys 2016/05/16 v1.4 Define keys (HO)
Package: pdftexcmds 2018/09/10 v0.29 Utility functions of pdfTeX for LuaTeX (HO
)
Package pdftexcmds Info: LuaTeX not detected.
Package pdftexcmds Info: \pdf@primitive is available.
Package pdftexcmds Info: \pdf@ifprimitive is available.
Package pdftexcmds Info: \pdfdraftmode found.
Package: pdfescape 2016/05/16 v1.14 Implements pdfTeX's escape features (HO)
Package: bigintcalc 2016/05/16 v1.4 Expandable calculations on big integers (HO
)
Package: bitset 2016/05/16 v1.2 Handle bit-vector datatype (HO)
Package: uniquecounter 2016/05/16 v1.3 Provide unlimited unique counter (HO)
)
Package hobsub Info: Skipping package `hobsub' (already loaded).
Package: letltxmacro 2016/05/16 v1.5 Let assignment for LaTeX macros (HO)
Package: hopatch 2016/05/16 v1.3 Wrapper for package hooks (HO)
Package: xcolor-patch 2016/05/16 xcolor patch
Package: atveryend 2016/05/16 v1.9 Hooks at the very end of document (HO)
Package atveryend Info: \enddocument detected (standard20110627).
Package: atbegshi 2016/06/09 v1.18 At begin shipout hook (HO)
Package: refcount 2016/05/16 v3.5 Data extraction from label references (HO)
Package: hycolor 2016/05/16 v1.8 Color options for hyperref/bookmark (HO)
)
(D:\dev\tex\miktex\tex\generic\ifxetex\ifxetex.sty
Package: ifxetex 2010/09/12 v0.6 Provides ifxetex conditional
)
(D:\dev\tex\miktex\tex\latex\oberdiek\auxhook.sty
Package: auxhook 2016/05/16 v1.4 Hooks for auxiliary files (HO)
)
(D:\dev\tex\miktex\tex\latex\oberdiek\kvoptions.sty
Package: kvoptions 2016/05/16 v3.12 Key value format for package options (HO)
)
\@linkdim=\dimen123
\Hy@linkcounter=\count110
\Hy@pagecounter=\count111

(D:\dev\tex\miktex\tex\latex\hyperref\pd1enc.def
File: pd1enc.def 2018/09/30 v6.88a Hyperref: PDFDocEncoding definition (HO)
Now handling font encoding PD1 ...
... no UTF-8 mapping file for font encoding PD1
)
\Hy@SavedSpaceFactor=\count112
Package hyperref Info: Option `unicode' set `true' on input line 3475.

(D:\dev\tex\miktex\tex\latex\hyperref\puenc.def
File: puenc.def 2018/09/30 v6.88a Hyperref: PDF Unicode definition (HO)
Now handling font encoding PU ...
... no UTF-8 mapping file for font encoding PU
)
(D:\dev\tex\miktex\tex\latex\00miktex\hyperref.cfg
File: hyperref.cfg 2002/06/06 v1.2 hyperref configuration of TeXLive
)
Package hyperref Info: Hyper figures OFF on input line 4535.
Package hyperref Info: Link nesting OFF on input line 4540.
Package hyperref Info: Hyper index ON on input line 4543.
Package hyperref Info: Plain pages OFF on input line 4550.
Package hyperref Info: Backreferencing OFF on input line 4555.
Package hyperref Info: Implicit mode ON; LaTeX internals redefined.
Package hyperref Info: Bookmarks ON on input line 4788.
\c@Hy@tempcnt=\count113

(D:\dev\tex\miktex\tex\latex\url\url.sty
\Urlmuskip=\muskip11
Package: url 2013/09/16  ver 3.4  Verb mode for urls, etc.
)
LaTeX Info: Redefining \url on input line 5141.
\XeTeXLinkMargin=\dimen124
\Fld@menulength=\count114
\Field@Width=\dimen125
\Fld@charsize=\dimen126
Package hyperref Info: Hyper figures OFF on input line 6396.
Package hyperref Info: Link nesting OFF on input line 6401.
Package hyperref Info: Hyper index ON on input line 6404.
Package hyperref Info: backreferencing OFF on input line 6411.
Package hyperref Info: Link coloring OFF on input line 6416.
Package hyperref Info: Link coloring with OCG OFF on input line 6421.
Package hyperref Info: PDF/A mode OFF on input line 6426.
LaTeX Info: Redefining \ref on input line 6466.
LaTeX Info: Redefining \pageref on input line 6470.
\Hy@abspage=\count115
\c@Item=\count116
\c@Hfootnote=\count117
)
Package hyperref Info: Driver (autodetected): hpdftex.

(D:\dev\tex\miktex\tex\latex\hyperref\hpdftex.def
File: hpdftex.def 2018/09/30 v6.88a Hyperref driver for pdfTeX
\Fld@listcount=\count118
\c@bookmark@seq@number=\count119

(D:\dev\tex\miktex\tex\latex\oberdiek\rerunfilecheck.sty
Package: rerunfilecheck 2016/05/16 v1.8 Rerun checks for auxiliary files (HO)
Package uniquecounter Info: New unique counter `rerunfilecheck' on input line 2
82.
)
\Hy@SectionHShift=\skip46
)
(C:\Users\Jackass\AppData\Roaming\MiKTeX\2.9\tex\latex\ulem\ulem.sty
\UL@box=\box31
\UL@hyphenbox=\box32
\UL@skip=\skip47
\UL@hook=\toks25
\UL@height=\dimen127
\UL@pe=\count120
\UL@pixel=\dimen128
\ULC@box=\box33
Package: ulem 2012/05/18
\ULdepth=\dimen129
)
(C:\Users\Jackass\AppData\Roaming\MiKTeX\2.9\tex\latex\cancel\cancel.sty
Package: cancel 2013/04/12 v2.2 Cancel math terms
)
Package hyperref Info: Option `colorlinks' set `true' on input line 21.

(0.aux
LaTeX Font Info:    Try loading font information for T2A+cmr on input line 20.
 (D:\dev\tex\miktex\tex\latex\cyrillic\t2acmr.fd
File: t2acmr.fd 2001/08/11 v1.0a Computer Modern Cyrillic font definitions
) (1_1.aux) (1_2.aux)
(1_3.aux) (1_4.aux) (2_1.aux) (2_2.aux) (2_3.aux) (2_4.aux) (2_5.aux) (2_6.aux)
(2_7.aux) (2_8.aux) (2_9.aux) (2_10.aux) (2_11.aux) (2_12.aux) (2_13.aux)
(2_14.aux) (2_15.aux) (2_16.aux) (2_17.aux) (3_1.aux) (3_2.aux) (4_1.aux))
\openout1 = `0.aux'.

LaTeX Font Info:    Checking defaults for OML/cmm/m/it on input line 26.
LaTeX Font Info:    ... okay on input line 26.
LaTeX Font Info:    Checking defaults for T1/cmr/m/n on input line 26.
LaTeX Font Info:    ... okay on input line 26.
LaTeX Font Info:    Checking defaults for OT1/cmr/m/n on input line 26.
LaTeX Font Info:    ... okay on input line 26.
LaTeX Font Info:    Checking defaults for OMS/cmsy/m/n on input line 26.
LaTeX Font Info:    ... okay on input line 26.
LaTeX Font Info:    Checking defaults for OMX/cmex/m/n on input line 26.
LaTeX Font Info:    ... okay on input line 26.
LaTeX Font Info:    Checking defaults for U/cmr/m/n on input line 26.
LaTeX Font Info:    ... okay on input line 26.
LaTeX Font Info:    Checking defaults for T2A/cmr/m/n on input line 26.
LaTeX Font Info:    ... okay on input line 26.
LaTeX Font Info:    Checking defaults for PD1/pdf/m/n on input line 26.
LaTeX Font Info:    ... okay on input line 26.
LaTeX Font Info:    Checking defaults for PU/pdf/m/n on input line 26.
LaTeX Font Info:    ... okay on input line 26.

(C:\Users\Jackass\AppData\Roaming\MiKTeX\2.9\tex\context\base\supp-pdf.mkii
[Loading MPS to PDF converter (version 2006.09.02).]
\scratchcounter=\count121
\scratchdimen=\dimen130
\scratchbox=\box34
\nofMPsegments=\count122
\nofMParguments=\count123
\everyMPshowfont=\toks26
\MPscratchCnt=\count124
\MPscratchDim=\dimen131
\MPnumerator=\count125
\makeMPintoPDFobject=\count126
\everyMPtoPDFconversion=\toks27
) (D:\dev\tex\miktex\tex\latex\oberdiek\epstopdf-base.sty
Package: epstopdf-base 2016/05/15 v2.6 Base part for package epstopdf

(D:\dev\tex\miktex\tex\latex\oberdiek\grfext.sty
Package: grfext 2016/05/16 v1.2 Manage graphics extensions (HO)
)
Package epstopdf-base Info: Redefining graphics rule for `.eps' on input line 4
38.
Package grfext Info: Graphics extension search list:
(grfext)             [.pdf,.png,.jpg,.mps,.jpeg,.jbig2,.jb2,.PDF,.PNG,.JPG,.JPE
G,.JBIG2,.JB2,.eps]
(grfext)             \AppendGraphicsExtensions on input line 456.
)
\AtBeginShipoutBox=\box35
Package hyperref Info: Link coloring ON on input line 26.

(D:\dev\tex\miktex\tex\latex\hyperref\nameref.sty
Package: nameref 2016/05/21 v2.44 Cross-referencing by name of section

(D:\dev\tex\miktex\tex\generic\oberdiek\gettitlestring.sty
Package: gettitlestring 2016/05/16 v1.5 Cleanup title references (HO)
)
\c@section@level=\count127
)
LaTeX Info: Redefining \ref on input line 26.
LaTeX Info: Redefining \pageref on input line 26.
LaTeX Info: Redefining \nameref on input line 26.
 (0.out) (0.out)
\@outlinefile=\write3
\openout3 = `0.out'.

\c@Def=\count128
\c@Th=\count129
\c@Seq=\count130
\c@Lem=\count131
\c@Axiom=\count132
\c@Note=\count133
\c@Example=\count134

(0.toc [1

{C:/Users/Jackass/AppData/Local/MiKTeX/2.9/pdftex/config/pdftex.map}])
\tf@toc=\write4
\openout4 = `0.toc'.

[2]
\openout2 = `1_1.aux'.

 (1_1.tex
LaTeX Font Info:    Try loading font information for U+msa on input line 5.
 (D:\dev\tex\miktex\tex\latex\amsfonts\umsa.fd
File: umsa.fd 2013/01/14 v3.01 AMS symbols A
)
LaTeX Font Info:    Try loading font information for U+msb on input line 5.

(D:\dev\tex\miktex\tex\latex\amsfonts\umsb.fd
File: umsb.fd 2013/01/14 v3.01 AMS symbols B
)
Overfull \hbox (33.30034pt too wide) in paragraph at lines 5--6
[]\T2A/cmr/m/it/12 Пусть
 []

<1_1_1.png, id=193, 472.164pt x 379.4175pt>
File: 1_1_1.png Graphic file (type png)
<use 1_1_1.png>
Package pdftex.def Info: 1_1_1.png  used on input line 20.
(pdftex.def)             Requested size: 213.39566pt x 171.47734pt.

LaTeX Warning: Command \cyrp invalid in math mode on input line 28.


LaTeX Warning: Command \cyrr invalid in math mode on input line 28.


LaTeX Warning: Command \cyri invalid in math mode on input line 28.

Missing character: There is no п in font cmr12!
Missing character: There is no р in font cmr12!
Missing character: There is no и in font cmr12!

LaTeX Warning: Command \cyrp invalid in math mode on input line 28.


LaTeX Warning: Command \cyrr invalid in math mode on input line 28.


LaTeX Warning: Command \cyri invalid in math mode on input line 28.

Missing character: There is no п in font cmr12!
Missing character: There is no р in font cmr12!
Missing character: There is no и in font cmr12!
[3

 <./1_1_1.png>]
Overfull \hbox (6.8693pt too wide) in paragraph at lines 39--41
[]\T2A/cmr/m/it/12 Пусть
 []

<1_1_2.png, id=211, 428.802pt x 425.79076pt>
File: 1_1_2.png Graphic file (type png)
<use 1_1_2.png>
Package pdftex.def Info: 1_1_2.png  used on input line 48.
(pdftex.def)             Requested size: 184.9429pt x 183.6452pt.

Overfull \hbox (56.55025pt too wide) in paragraph at lines 56--58
[]\T2A/cmr/m/it/12 Пусть $\OML/cmm/m/it/12 F\OT1/cmr/m/n/12 (\OML/cmm/m/it/12 x
; y; z\OT1/cmr/m/n/12 ) \OMS/cmsy/m/n/12 2
 []

[4 <./1_1_2.png>]
Overfull \hbox (2.23141pt too wide) in paragraph at lines 79--80
[]$\OMS/cmsy/m/n/12 f\OML/cmm/m/it/12 F[]\OT1/cmr/m/n/12 (\OML/cmm/m/it/12 M[]\
OT1/cmr/m/n/12 );  \OML/cmm/m/it/12 F[]\OT1/cmr/m/n/12 (\OML/cmm/m/it/12 M[]\OT
1/cmr/m/n/12 );  \OML/cmm/m/it/12 F[]\OT1/cmr/m/n/12 (\OML/cmm/m/it/12 M[]\OT1/
cmr/m/n/12 )\OMS/cmsy/m/n/12 g \OT1/cmr/m/n/12 = [] \OML/cmm/m/it/12 F\OMS/cmsy
/m/n/12 j[]$
 []


Overfull \hbox (44.45099pt too wide) in paragraph at lines 83--86
[]\T2A/cmr/m/it/12 Рассматривается
 []


Overfull \hbox (22.73457pt too wide) detected at line 98
[]
 []

[5]) [6]
\openout2 = `1_2.aux'.

 (1_2.tex
Overfull \hbox (68.93773pt too wide) in paragraph at lines 20--22
[]
 []


Overfull \hbox (23.15007pt too wide) in paragraph at lines 34--35
[]\T2A/cmr/m/it/12 Пусть
 []


Underfull \hbox (badness 10000) in paragraph at lines 48--50

 []

[7


]
Overfull \hbox (0.69032pt too wide) in paragraph at lines 75--76
[]\T2A/cmr/m/it/12 Пусть 
 []


Overfull \hbox (1.10713pt too wide) in paragraph at lines 103--104
[]
 []

[8]
Overfull \hbox (12.3023pt too wide) in paragraph at lines 142--144
[]\T2A/cmr/m/it/12 Пусть функ-
 []

[9]
Overfull \hbox (48.29324pt too wide) detected at line 161
[]
 []

[10]
Overfull \hbox (15.23209pt too wide) detected at line 201
[]
 []

<1_2_1.png, id=282, 401.70074pt x 348.1005pt>
File: 1_2_1.png Graphic file (type png)
<use 1_2_1.png>
Package pdftex.def Info: 1_2_1.png  used on input line 205.
(pdftex.def)             Requested size: 99.58464pt x 86.29721pt.
[11 <./1_2_1.png>]
Overfull \hbox (70.35405pt too wide) in paragraph at lines 222--225
[]
 []


Overfull \hbox (12.05998pt too wide) detected at line 243
[]
 []

) [12]
\openout2 = `1_3.aux'.

 (1_3.tex
<1_3_1.png, id=303, 422.7795pt x 445.06274pt>
File: 1_3_1.png Graphic file (type png)
<use 1_3_1.png>
Package pdftex.def Info: 1_3_1.png  used on input line 9.
(pdftex.def)             Requested size: 99.58464pt x 104.83423pt.
<1_3_2.png, id=304, 419.166pt x 467.94826pt>
File: 1_3_2.png Graphic file (type png)
<use 1_3_2.png>
Package pdftex.def Info: 1_3_2.png  used on input line 30.
(pdftex.def)             Requested size: 99.58464pt x 111.16742pt.

Underfull \hbox (badness 10000) in paragraph at lines 35--36

 []

[13


 <./1_3_1.png> <./1_3_2.png>]
Overfull \hbox (10.21962pt too wide) in paragraph at lines 54--55
\T2A/cmr/m/n/12 Таким об-ра-зом, клю-че-вым мо-мен-том яв-ля-ет-ся со-хра-не-ни
е глад-ко-сти функ-
 []


Overfull \hbox (5.7166pt too wide) in paragraph at lines 57--58
[]\T2A/cmr/m/it/12 Условие сви-зи это функ-
 []


Overfull \hbox (37.93532pt too wide) in paragraph at lines 61--62
[]\T2A/cmr/m/it/12 Пусть $\OML/cmm/m/it/12 u \OT1/cmr/m/n/12 = \OML/cmm/m/it/12
 f\OT1/cmr/m/n/12 (\OML/cmm/m/it/12 M\OT1/cmr/m/n/12 ) = \OML/cmm/m/it/12 f\OT1
/cmr/m/n/12 (\OML/cmm/m/it/12 x[]; [] ; x[]\OT1/cmr/m/n/12 )$
 []


Overfull \hbox (5.29561pt too wide) in paragraph at lines 69--70
\T2A/cmr/m/it/12 Анлогичны бу-дут рас-суж-де-ния для стро-го-го услов-но-го экс
-тре-му-ма (пом-
 []


Overfull \hbox (19.05415pt too wide) in paragraph at lines 75--76
[]
 []


Overfull \hbox (4.33482pt too wide) in paragraph at lines 75--76
\T2A/cmr/m/it/12 Пусть $\OML/cmm/m/it/12 f\OT1/cmr/m/n/12 (\OML/cmm/m/it/12 M\O
T1/cmr/m/n/12 )\OML/cmm/m/it/12 ; '[]\OT1/cmr/m/n/12 (\OML/cmm/m/it/12 M\OT1/cm
r/m/n/12 )\OML/cmm/m/it/12 ; [] ; '[]\OT1/cmr/m/n/12 (\OML/cmm/m/it/12 M\OT1/cm
r/m/n/12 )$ \T2A/cmr/m/it/12 --- функ-ции $\OML/cmm/m/it/12 n$ \T2A/cmr/m/it/12
 пе-ре-мен-ных $\OML/cmm/m/it/12 x[]; [] ; x[]$\T2A/cmr/m/it/12 , опре-
 []

[14]
Overfull \hbox (21.70601pt too wide) in paragraph at lines 80--81
[]\T2A/cmr/m/it/12 Пусть 
 []

<1_3_3.png, id=327, 413.1435pt x 453.49425pt>
File: 1_3_3.png Graphic file (type png)
<use 1_3_3.png>
Package pdftex.def Info: 1_3_3.png  used on input line 101.
(pdftex.def)             Requested size: 99.58464pt x 109.30446pt.
[15 <./1_3_3.png>]
Overfull \hbox (18.49796pt too wide) in paragraph at lines 116--121
\T2A/cmr/m/n/12 При этом $\OT1/cmr/m/n/12 (\OML/cmm/m/it/12 x[]\OT1/cmr/m/n/12 
(\OML/cmm/m/it/12 t[]\OT1/cmr/m/n/12 )\OML/cmm/m/it/12 ; y[]\OT1/cmr/m/n/12 (\O
ML/cmm/m/it/12 t[]\OT1/cmr/m/n/12 )) \OMS/cmsy/m/n/12 6\OT1/cmr/m/n/12 = (0\OML
/cmm/m/it/12 ; \OT1/cmr/m/n/12 0)$\T2A/cmr/m/n/12 , то есть па-ра-мет-ри-а-ция 
"хо-ро-шая"(Важность
 []


Overfull \hbox (23.26433pt too wide) detected at line 138
[]
 []


Overfull \hbox (25.52898pt too wide) detected at line 154
[]
 []

[16]
Overfull \hbox (50.12987pt too wide) in paragraph at lines 162--163
[]
 []

) [17]
\openout2 = `1_4.aux'.

 (1_4.tex
<1_4_1.png, id=350, 643.203pt x 391.4625pt>
File: 1_4_1.png Graphic file (type png)
<use 1_4_1.png>
Package pdftex.def Info: 1_4_1.png  used on input line 9.
(pdftex.def)             Requested size: 142.26378pt x 86.58194pt.
 [18


 <./1_4_1.png>]
Overfull \hbox (36.99522pt too wide) in paragraph at lines 51--52
[]\T2A/cmr/m/it/12 Пусть $\OML/cmm/m/it/12 u \OT1/cmr/m/n/12 = \OML/cmm/m/it/12
 f\OT1/cmr/m/n/12 (\OML/cmm/m/it/12 x[]; [] ; x[]\OT1/cmr/m/n/12 )$
 []


Overfull \hbox (19.86194pt too wide) in paragraph at lines 51--52
\T2A/cmr/m/it/12 опре-де-ле-на в за-мкну-той од-но-свя-зан-ной об-ла-сти $\OML/
cmm/m/it/12 D \OT1/cmr/m/n/12 : \OML/cmm/m/it/12 '[]\OT1/cmr/m/n/12 (\OML/cmm/m
/it/12 M\OT1/cmr/m/n/12 ) \U/msa/m/n/12 > \OT1/cmr/m/n/12 0\OML/cmm/m/it/12 ; [
] ; '[]\OT1/cmr/m/n/12 (\OML/cmm/m/it/12 M\OT1/cmr/m/n/12 ) \U/msa/m/n/12 >
 []


Overfull \hbox (1.99727pt too wide) in paragraph at lines 81--83
[]\T2A/cmr/m/it/12 Рассматриваем 0-мерное глад-кое про-стран-ство (вер-ши-ны []
что зна-
 []


Overfull \hbox (9.48183pt too wide) in paragraph at lines 81--83
\T2A/cmr/m/it/12 чит "вер-ши-ны"? Ана-лог "пло-хих"точек?[]). По-лу-чим сле-ду-
ю-щее мно-
 []

[19]) [20]
\openout2 = `2_1.aux'.

 (2_1.tex
Overfull \hbox (1.33871pt too wide) in paragraph at lines 7--8
[]\T2A/cmr/m/it/12 Уравнение ви-
 []


Overfull \hbox (64.00833pt too wide) in paragraph at lines 14--15
[]
 []

<2_1_1.png, id=374, 363.759pt x 284.86424pt>
File: 2_1_1.png Graphic file (type png)
<use 2_1_1.png>
Package pdftex.def Info: 2_1_1.png  used on input line 26.
(pdftex.def)             Requested size: 128.0374pt x 100.26904pt.
Package floatflt Message: Floating figure 1 set on page 21
[21


 <./2_1_1.png>]
<2_1_2.png, id=383, 401.70074pt x 327.02174pt>
File: 2_1_2.png Graphic file (type png)
<use 2_1_2.png>
Package pdftex.def Info: 2_1_2.png  used on input line 56.
(pdftex.def)             Requested size: 156.49014pt x 127.39824pt.

Overfull \hbox (56.0936pt too wide) in paragraph at lines 62--64
[]
 []


Overfull \hbox (27.49506pt too wide) in paragraph at lines 70--71
[]\T2A/cmr/m/it/12 Пусть $\OML/cmm/m/it/12 y[] \OT1/cmr/m/n/12 = \OML/cmm/m/it/
12 f\OT1/cmr/m/n/12 (\OML/cmm/m/it/12 x; y\OT1/cmr/m/n/12 )\OML/cmm/m/it/12 ;  
f\OT1/cmr/m/n/12 (\OML/cmm/m/it/12 x; y\OT1/cmr/m/n/12 ) \OMS/cmsy/m/n/12 2
 []

<2_1_3.png, id=384, 334.24875pt x 248.42813pt>
File: 2_1_3.png Graphic file (type png)
<use 2_1_3.png>
Package pdftex.def Info: 2_1_3.png  used on input line 86.
(pdftex.def)             Requested size: 156.49014pt x 116.31393pt.
[22 <./2_1_2.png>]
Underfull \hbox (badness 10000) in paragraph at lines 91--92

 []


Package floatflt Warning: Floating figures 1 and 2 colliding.

<2_1_4.png, id=394, 417.81094pt x 306.39468pt>
File: 2_1_4.png Graphic file (type png)
<use 2_1_4.png>
Package pdftex.def Info: 2_1_4.png  used on input line 107.
(pdftex.def)             Requested size: 116.39336pt x 85.35826pt.

Overfull \hbox (2.58234pt too wide) in paragraph at lines 105--109
[] []
 []


Underfull \hbox (badness 10000) in paragraph at lines 105--109

 []


Underfull \hbox (badness 10000) in paragraph at lines 101--109

 []

Package floatflt Message: Floating figure 2 set on page 23

Overfull \hbox (13.30379pt too wide) in paragraph at lines 115--117
\T2A/cmr/m/it/12 пря-мые, про-хо-дя-щие че-рез на-ча-ло ко-ор-ди-нат. Урав-
 []

[23 <./2_1_3.png> <./2_1_4.png>]
<2_1_5.png, id=404, 372.64218pt x 329.73187pt>
File: 2_1_5.png Graphic file (type png)
<use 2_1_5.png>
Package pdftex.def Info: 2_1_5.png  used on input line 141.
(pdftex.def)             Requested size: 128.0374pt x 113.2897pt.
 [24 <./2_1_5.png>]) [25]
\openout2 = `2_2.aux'.

 (2_2.tex [26


]
Overfull \hbox (43.8258pt too wide) in paragraph at lines 68--70
[]
 []

[27]
Underfull \hbox (badness 10000) in paragraph at lines 155--157

 []

[28] [29] [30]
Underfull \hbox (badness 10000) in paragraph at lines 257--259

 []

<2_2_1.png, id=468, 399.74344pt x 337.26pt>
File: 2_2_1.png Graphic file (type png)
<use 2_2_1.png>
Package pdftex.def Info: 2_2_1.png  used on input line 263.
(pdftex.def)             Requested size: 128.0374pt x 108.02318pt.
) [31 <./2_2_1.png>]
\openout2 = `2_3.aux'.

 (2_3.tex
Overfull \hbox (0.45975pt too wide) in paragraph at lines 14--14
[]$\OML/cmm/m/it/12 F\OT1/cmr/m/n/12 (\OML/cmm/m/it/12 x[]; [] ; x[]\OT1/cmr/m/
n/12 )$ \T2A/cmr/m/it/12 на-зы-ва-ют-ся од-но-род-ны-ми функ-ци-я-ми ве-
 []

[32


] [33] [34]) [35]
\openout2 = `2_4.aux'.

 (2_4.tex
Underfull \hbox (badness 10000) in paragraph at lines 7--9

 []


Underfull \hbox (badness 10000) in paragraph at lines 23--25

 []

[36


]
Underfull \hbox (badness 10000) in paragraph at lines 83--85

 []


Underfull \hbox (badness 10000) in paragraph at lines 90--92

 []

[37] [38]
Overfull \hbox (0.50745pt too wide) in paragraph at lines 144--145
[]\T2A/cmr/m/it/12 ДУ Бер-нул-ли ин-те-гри-ру-
 []

[39]) [40]
\openout2 = `2_5.aux'.

 (2_5.tex
Underfull \hbox (badness 10000) in paragraph at lines 11--13

 []


Overfull \hbox (2.8817pt too wide) in paragraph at lines 18--19
[]\T2A/cmr/m/it/12 В усло-ви-ях опре-де-ле-ния 1, урав-
 []

[41


]
Underfull \hbox (badness 10000) in paragraph at lines 63--65

 []

<2_5_1.png, id=557, 623.32875pt x 459.96844pt>
File: 2_5_1.png Graphic file (type png)
<use 2_5_1.png>
Package pdftex.def Info: 2_5_1.png  used on input line 82.
(pdftex.def)             Requested size: 128.0374pt x 94.48364pt.
Package floatflt Message: Floating figure 3 set on page 42

Underfull \hbox (badness 10000) in paragraph at lines 103--105

 []


Underfull \hbox (badness 10000) in paragraph at lines 111--114

 []

[42 <./2_5_1.png>]
Underfull \hbox (badness 10000) in paragraph at lines 141--143

 []

[43]
Underfull \hbox (badness 10000) in paragraph at lines 147--149

 []


Underfull \hbox (badness 10000) in paragraph at lines 165--168

 []

[44]
Underfull \hbox (badness 10000) in paragraph at lines 214--216

 []


Underfull \hbox (badness 10000) in paragraph at lines 219--221

 []

[45]) [46]
\openout2 = `2_6.aux'.

 (2_6.tex
Overfull \hbox (2.24773pt too wide) in paragraph at lines 4--5
[]\T2A/cmr/m/it/12 Если до это-
 []


Underfull \hbox (badness 10000) in paragraph at lines 36--37

 []


Underfull \hbox (badness 10000) in paragraph at lines 41--44

 []

[47


]
<2_6_1.png, id=595, 642.90187pt x 429.10312pt>
File: 2_6_1.png Graphic file (type png)
<use 2_6_1.png>
Package pdftex.def Info: 2_6_1.png  used on input line 80.
(pdftex.def)             Requested size: 213.39566pt x 142.42946pt.

Overfull \hbox (15.83794pt too wide) in paragraph at lines 87--88
[]\T2A/cmr/m/it/12 Ищем кри-
 []


Underfull \hbox (badness 10000) in paragraph at lines 89--90

 []

[48 <./2_6_1.png>]
<2_6_2.png, id=604, 649.67719pt x 433.62pt>
File: 2_6_2.png Graphic file (type png)
<use 2_6_2.png>
Package pdftex.def Info: 2_6_2.png  used on input line 105.
(pdftex.def)             Requested size: 213.39566pt x 142.42677pt.
 [49 <./2_6_2.png>]
Underfull \hbox (badness 10000) in paragraph at lines 173--175

 []

[50]
Underfull \hbox (badness 10000) in paragraph at lines 177--179

 []

) [51]
\openout2 = `2_7.aux'.

 (2_7.tex
Overfull \hbox (0.8813pt too wide) in paragraph at lines 3--3
[]\T2A/cmr/bx/n/17.28 Диференциальные урав-не-ния выс-ше-го по-
 []


Overfull \hbox (2.50801pt too wide) in paragraph at lines 45--47
\T2A/cmr/m/it/12 Замечание. В по-след-ней стро-ке сде-ла-на за-ме-на ви-да: $\O
ML/cmm/m/it/12 C[] \OT1/cmr/m/n/12 = []  []  \OML/cmm/m/it/12 C[] \OT1/cmr/m/n/
12 =
 []


Underfull \hbox (badness 10000) in paragraph at lines 45--47

 []


Overfull \hbox (10.22162pt too wide) in paragraph at lines 50--52
[]\T2A/cmr/m/it/12 Пусть $\OML/cmm/m/it/12 y[] \OT1/cmr/m/n/12 = \OML/cmm/m/it/
12 f\OT1/cmr/m/n/12 (\OML/cmm/m/it/12 x; y; y[]; [] ; y[]\OT1/cmr/m/n/12 )$
 []

[52


]
Overfull \hbox (7.78966pt too wide) in paragraph at lines 71--72
[]\T2A/cmr/m/it/12 Она опи-
 []


Overfull \hbox (0.3018pt too wide) in paragraph at lines 83--84
[]
 []


Overfull \hbox (16.91194pt too wide) in paragraph at lines 86--88
\T2A/cmr/m/it/12 непреывны в неко-то-рой окрест-но-сти $\OML/cmm/m/it/12 U\OT1/
cmr/m/n/12 (\OML/cmm/m/it/12 M[]\OT1/cmr/m/n/12 ) \OMS/cmsy/m/n/12  \OML/cmm/m
/it/12 D$\T2A/cmr/m/it/12 , где $\OML/cmm/m/it/12 M[]\OT1/cmr/m/n/12 (\OML/cmm/
m/it/12 x[];  y[];  [] ;  y[]\OT1/cmr/m/n/12 )$ 
 []


Underfull \hbox (badness 10000) in paragraph at lines 86--88

 []


Overfull \hbox (46.89987pt too wide) in paragraph at lines 104--106
[]\T2A/cmr/m/it/12 Рассмотрим
 []

[53] [54] [55] [56]) [57]
\openout2 = `2_8.aux'.

 (2_8.tex
Overfull \hbox (3.57367pt too wide) in paragraph at lines 4--5
[]\T2A/cmr/m/it/12 Пусть сущ. функ-ции $\OML/cmm/m/it/12 p[]\OT1/cmr/m/n/12 (\O
ML/cmm/m/it/12 x\OT1/cmr/m/n/12 )\OML/cmm/m/it/12 ;  [] ;  p[]\OT1/cmr/m/n/12 (
\OML/cmm/m/it/12 x\OT1/cmr/m/n/12 )\OML/cmm/m/it/12 ;  f\OT1/cmr/m/n/12 (\OML/c
mm/m/it/12 x\OT1/cmr/m/n/12 ) \OMS/cmsy/m/n/12 2 \OML/cmm/m/it/12 C[]$\T2A/cmr/
m/it/12 .
 []


Overfull \hbox (21.32317pt too wide) in paragraph at lines 7--9
\T2A/cmr/m/it/12 называется ли-ни-ней-ным ДУ n-го по-ряд-ка с ко-эфи-ци-ен-та-м
и $\OML/cmm/m/it/12 p[]\OT1/cmr/m/n/12 (\OML/cmm/m/it/12 x\OT1/cmr/m/n/12 )\OML
/cmm/m/it/12 ;  [] ;  p[]\OT1/cmr/m/n/12 (\OML/cmm/m/it/12 x\OT1/cmr/m/n/12 )$
 []


Overfull \hbox (10.86867pt too wide) in paragraph at lines 12--14
[]
 []


Overfull \hbox (15.19948pt too wide) in paragraph at lines 30--31
[]\T2A/cmr/m/it/12 Перед
 []

[58


] [59]
Overfull \hbox (10.23874pt too wide) in paragraph at lines 127--131
[]\T2A/cmr/m/it/12 Пусть функ-
 []


Underfull \hbox (badness 10000) in paragraph at lines 133--135

 []

) [60]
\openout2 = `2_9.aux'.

 (2_9.tex
Overfull \hbox (24.69499pt too wide) in paragraph at lines 4--5
[]\T2A/cmr/m/it/12 Система
 []


Overfull \hbox (38.35136pt too wide) in paragraph at lines 44--46
[]\T2A/cmr/m/it/12 Система
 []


LaTeX Warning: Command \cyrery invalid in math mode on input line 53.

Missing character: There is no ы in font cmr12!

LaTeX Warning: Command \cyrery invalid in math mode on input line 53.

Missing character: There is no ы in font cmr12!
[61


]
Overfull \hbox (9.0079pt too wide) in paragraph at lines 56--58
[]
 []


Overfull \hbox (2.08646pt too wide) in paragraph at lines 88--90
\T2A/cmr/m/it/12 называется опре-де-ли-те-лем Врон-ско-го или Врон-ски-ан для с
и-сте-мы функ-
 []


Overfull \hbox (10.03503pt too wide) detected at line 148
[]
 []

[62]
Underfull \hbox (badness 10000) in paragraph at lines 152--153

 []


Underfull \hbox (badness 10000) in paragraph at lines 157--161

 []

[63]
Overfull \hbox (30.74574pt too wide) in paragraph at lines 176--177
[]\T2A/cmr/m/it/12 Пусть в усло-ви-ях тео-ре-мы вы-ше функ-ции $\OMS/cmsy/m/n/1
2 f\OML/cmm/m/it/12 '[]\OT1/cmr/m/n/12 (\OML/cmm/m/it/12 x\OT1/cmr/m/n/12 )\OML
/cmm/m/it/12 ;  [] ;  '[]\OT1/cmr/m/n/12 (\OML/cmm/m/it/12 x\OT1/cmr/m/n/12 )\O
MS/cmsy/m/n/12 g$
 []


Underfull \hbox (badness 10000) in paragraph at lines 176--177

 []

[64]
Overfull \hbox (19.01381pt too wide) in paragraph at lines 219--220
[]\T2A/cmr/m/it/12 Пусть
 []


Overfull \hbox (3.16075pt too wide) in paragraph at lines 256--257
[]\T2A/cmr/m/it/12 Пусть $\OML/cmm/m/it/12 p[]\OT1/cmr/m/n/12 (\OML/cmm/m/it/12
 x\OT1/cmr/m/n/12 )\OML/cmm/m/it/12 ;  [] ;  p[]\OT1/cmr/m/n/12 (\OML/cmm/m/it/
12 x\OT1/cmr/m/n/12 ) \OMS/cmsy/m/n/12 2 \OML/cmm/m/it/12 C[]$
 []


Underfull \hbox (badness 10000) in paragraph at lines 256--257

 []

[65]) [66]
\openout2 = `2_10.aux'.

 (2_10.tex
Underfull \hbox (badness 10000) in paragraph at lines 58--60

 []

[67


]
Overfull \hbox (4.0436pt too wide) in paragraph at lines 70--71
[]\T2A/cmr/m/it/12 Пусть
 []

[68]
Overfull \hbox (6.75526pt too wide) detected at line 104
[]
 []

) [69]
\openout2 = `2_11.aux'.

 (2_11.tex
Overfull \hbox (36.87053pt too wide) in paragraph at lines 17--20
\T2A/cmr/m/it/12 где функ-ции $\OMS/cmsy/m/n/12 f\OML/cmm/m/it/12 C[]\OT1/cmr/m
/n/12 (\OML/cmm/m/it/12 x\OT1/cmr/m/n/12 )\OML/cmm/m/it/12 ;  [] ;  C[]\OT1/cmr
/m/n/12 (\OML/cmm/m/it/12 x\OT1/cmr/m/n/12 )\OMS/cmsy/m/n/12 g$ \T2A/cmr/m/it/1
2 ди-фе-рен-ци-ру-е-мые на $\OT1/cmr/m/n/12 (\OML/cmm/m/it/12 a\OT1/cmr/m/n/12 
;  \OML/cmm/m/it/12 b\OT1/cmr/m/n/12 )$ \T2A/cmr/m/it/12 и $\OMS/cmsy/m/n/12 f\
OML/cmm/m/it/12 C[]\OT1/cmr/m/n/12 (\OML/cmm/m/it/12 x\OT1/cmr/m/n/12 )\OML/cmm
/m/it/12 ;  [] ;  C[]\OT1/cmr/m/n/12 (\OML/cmm/m/it/12 x\OT1/cmr/m/n/12 )\OMS/c
msy/m/n/12 g$
 []


Overfull \hbox (32.73761pt too wide) detected at line 28
[]
 []

[70


] [71]
Overfull \hbox (88.02339pt too wide) in paragraph at lines 91--92
[]
 []

[72]
Overfull \hbox (51.89305pt too wide) in paragraph at lines 137--138
[]\T2A/cmr/m/it/12 Решаем неод-но-род-ное урав-не-ние с про-изь-вол-ны-ми по-ст
о-ян-ны-ми $\OML/cmm/m/it/12 C[]\OT1/cmr/m/n/12 (\OML/cmm/m/it/12 x\OT1/cmr/m/n
/12 )\OML/cmm/m/it/12 ;  C[]\OT1/cmr/m/n/12 (\OML/cmm/m/it/12 x\OT1/cmr/m/n/12 
)$
 []


Underfull \hbox (badness 10000) in paragraph at lines 142--144

 []


Overfull \hbox (31.30493pt too wide) detected at line 170
[]
 []

[73]) [74]
\openout2 = `2_12.aux'.

 (2_12.tex
Overfull \hbox (6.81677pt too wide) in paragraph at lines 12--13
[]\T2A/cmr/m/it/12 Ищем ре-ше-ния
 []


Underfull \hbox (badness 10000) in paragraph at lines 36--38

 []


Overfull \hbox (8.82582pt too wide) in paragraph at lines 44--47
\T2A/cmr/m/it/12 Тогда ес-ли все кор-ни $\OML/cmm/m/it/12 P\OT1/cmr/m/n/12 (\OM
L/cmm/m/it/12 \OT1/cmr/m/n/12 )$ \T2A/cmr/m/it/12 ве-ще-ствен-ны и раз-лич-ны,
 то есть $\OMS/cmsy/m/n/12 f\OML/cmm/m/it/12 [];  [] ;  []\OMS/cmsy/m/n/12 g$

 []

[75


]

LaTeX Warning: Command \CYRS invalid in math mode on input line 72.

Missing character: There is no С in font cmr12!
[76]
Overfull \hbox (35.82086pt too wide) in paragraph at lines 118--119
[]
 []

[77]
Overfull \hbox (80.4012pt too wide) detected at line 184
[]
 []


Overfull \hbox (20.43347pt too wide) detected at line 189
\OML/cmm/m/it/12 L\OT1/cmr/m/n/12 (\OML/cmm/m/it/12 y\OT1/cmr/m/n/12 ) = \OML/c
mm/m/it/12 e[] \OT1/cmr/m/n/12 (\OML/cmm/m/it/12 x[] \OMS/cmsy/m/n/12  \OT1/cm
r/m/n/12 0 + [] + [] + [] + [] + [] + []) = \OML/cmm/m/it/12 e[] \OMS/cmsy/m/n/
12  \OT1/cmr/m/n/12 0 = 0
 []

[78]
Overfull \hbox (1.40285pt too wide) in paragraph at lines 211--212
[]\T2A/cmr/m/it/12 Если в усло-
 []


Underfull \hbox (badness 10000) in paragraph at lines 218--220

 []


LaTeX Warning: Command \CYRS invalid in math mode on input line 239.

Missing character: There is no С in font cmr12!
[79]) [80]
\openout2 = `2_13.aux'.

 (2_13.tex
Overfull \hbox (0.487pt too wide) in paragraph at lines 20--22
[]\T2A/cmr/m/it/12 Пусть $\OML/cmm/m/it/12 u \OT1/cmr/m/n/12 = \OML/cmm/m/it/12
 u\OT1/cmr/m/n/12 (\OML/cmm/m/it/12 x\OT1/cmr/m/n/12 )\OML/cmm/m/it/12 ;  v \OT
1/cmr/m/n/12 = \OML/cmm/m/it/12 v\OT1/cmr/m/n/12 (\OML/cmm/m/it/12 x\OT1/cmr/m/
n/12 )$ \T2A/cmr/m/it/12 --- []функ-ции ве-ще-ствен-
 []

[81


]
Overfull \hbox (25.17595pt too wide) in paragraph at lines 93--94
[]
 []


Underfull \hbox (badness 10000) in paragraph at lines 100--103

 []

[82] [83]) [84]
\openout2 = `2_14.aux'.

 (2_14.tex
Overfull \hbox (50.58722pt too wide) in paragraph at lines 11--12
[]\T2A/cmr/m/it/12 Пусть $\OML/cmm/m/it/12 y[]\OT1/cmr/m/n/12 (\OML/cmm/m/it/12
 x\OT1/cmr/m/n/12 )\OML/cmm/m/it/12 ;  [] ;  y[]\OT1/cmr/m/n/12 (\OML/cmm/m/it/
12 x\OT1/cmr/m/n/12 )$
 []


Underfull \hbox (badness 10000) in paragraph at lines 11--12

 []


Overfull \hbox (11.78914pt too wide) detected at line 31
\OML/cmm/m/it/12 L\OT1/cmr/m/n/12 (\OML/cmm/m/it/12 A[] y[]\OT1/cmr/m/n/12 (\OM
L/cmm/m/it/12 x\OT1/cmr/m/n/12 ) + [] + \OML/cmm/m/it/12 A[] y[]\OT1/cmr/m/n/12
 (\OML/cmm/m/it/12 x\OT1/cmr/m/n/12 )) = \OML/cmm/m/it/12 A[] L\OT1/cmr/m/n/12 
(\OML/cmm/m/it/12 y[]\OT1/cmr/m/n/12 ) + [] + \OML/cmm/m/it/12 A[] L\OT1/cmr/m/
n/12 (\OML/cmm/m/it/12 y[]\OT1/cmr/m/n/12 ) = \OML/cmm/m/it/12 A[] f[]\OT1/cmr/
m/n/12 (\OML/cmm/m/it/12 x\OT1/cmr/m/n/12 ) + [] + \OML/cmm/m/it/12 A[] f[]\OT1
/cmr/m/n/12 (\OML/cmm/m/it/12 x\OT1/cmr/m/n/12 )
 []


Underfull \hbox (badness 10000) in paragraph at lines 38--40

 []


Underfull \hbox (badness 10000) in paragraph at lines 44--46

 []

[85


]

LaTeX Warning: Command \CYRS invalid in math mode on input line 78.

Missing character: There is no С in font cmr12!

Underfull \hbox (badness 10000) in paragraph at lines 77--79

 []


Underfull \hbox (badness 10000) in paragraph at lines 99--101

 []


Overfull \hbox (58.7823pt too wide) detected at line 109
\OT1/cmr/m/n/12  = [] = [[]] = \OML/cmm/m/it/12 [] \OT1/cmr/m/n/12 1! 2!  [] 
 \OML/cmm/m/it/12 m\OT1/cmr/m/n/12 !
 []

[86]
Underfull \hbox (badness 10000) in paragraph at lines 124--126

 []


Underfull \hbox (badness 10000) in paragraph at lines 127--128

 []


Underfull \hbox (badness 10000) in paragraph at lines 129--131

 []

LaTeX Font Info:    Try loading font information for OMS+cmr on input line 136.

(D:\dev\tex\miktex\tex\latex\base\omscmr.fd
File: omscmr.fd 2014/09/29 v2.5h Standard LaTeX font definitions
)
LaTeX Font Info:    Font shape `OMS/cmr/m/n' in size <12> not available
(Font)              Font shape `OMS/cmsy/m/n' tried instead on input line 136.
 [87]
Overfull \hbox (6.45262pt too wide) detected at line 148
\OML/cmm/m/it/12 [] \OT1/cmr/m/n/12 = [] \OML/cmm/m/it/12 P[]\OT1/cmr/m/n/12 (
\OML/cmm/m/it/12 \OT1/cmr/m/n/12 ) \OMS/cmsy/m/n/12 6\OT1/cmr/m/n/12 = 0\OML/c
mm/m/it/12 ;  [] \OT1/cmr/m/n/12 = [] \OML/cmm/m/it/12 P[]\OT1/cmr/m/n/12 (\OM
L/cmm/m/it/12 \OT1/cmr/m/n/12 ) \OMS/cmsy/m/n/12 6\OT1/cmr/m/n/12 = 0\OML/cmm/
m/it/12 ;  [] ;  [] \OT1/cmr/m/n/12 = [] \OML/cmm/m/it/12 P[]\OT1/cmr/m/n/12 (
\OML/cmm/m/it/12 \OT1/cmr/m/n/12 )
 []

[88]
LaTeX Font Info:    Font shape `OMS/cmr/m/it' in size <12> not available
(Font)              Font shape `OMS/cmsy/m/n' tried instead on input line 232.
 [89]
Underfull \hbox (badness 10000) in paragraph at lines 270--272

 []


Underfull \hbox (badness 10000) in paragraph at lines 274--276

 []


Underfull \hbox (badness 10000) in paragraph at lines 285--288

 []

[90]

LaTeX Warning: Command \cyrch invalid in math mode on input line 311.


LaTeX Warning: Command \cyrn invalid in math mode on input line 311.

Missing character: There is no ч in font cmr8!
Missing character: There is no н in font cmr8!

LaTeX Warning: Command \cyrch invalid in math mode on input line 311.


LaTeX Warning: Command \cyrn invalid in math mode on input line 311.

Missing character: There is no ч in font cmr8!
Missing character: There is no н in font cmr8!

LaTeX Warning: Command \cyrch invalid in math mode on input line 311.


LaTeX Warning: Command \cyrn invalid in math mode on input line 311.

Missing character: There is no ч in font cmr8!
Missing character: There is no н in font cmr8!

LaTeX Warning: Command \cyrch invalid in math mode on input line 311.


LaTeX Warning: Command \cyrn invalid in math mode on input line 311.

Missing character: There is no ч in font cmr8!
Missing character: There is no н in font cmr8!
) [91]
\openout2 = `2_15.aux'.

 (2_15.tex
Overfull \hbox (6.54968pt too wide) in paragraph at lines 19--20
[]\T2A/cmr/m/it/12 Всякая си-сте-ма ДУ из опре-де-ле-ния 1 эк-ви-ва-лент-на нек
о-
 []

[92


]
Underfull \hbox (badness 10000) in paragraph at lines 98--100

 []

[93]
Overfull \hbox (7.02516pt too wide) in paragraph at lines 128--129
[]\T2A/cmr/m/it/12 Выведем
 []


Overfull \hbox (7.62631pt too wide) in paragraph at lines 153--154
[]\T2A/cmr/m/it/12 Если ин-те-граль-ная кри-вая $\OML/cmm/m/it/12 L$ \T2A/cmr/m
/it/12 про-хо-дит че-рез точ-ку $\OML/cmm/m/it/12 M[]\OT1/cmr/m/n/12 (\OML/cmm/
m/it/12 x[];  y[];  [] ;  y[]\OT1/cmr/m/n/12 )$
 []

[94]) [95]
\openout2 = `2_16.aux'.

 (2_16.tex [96


]
Underfull \hbox (badness 10000) in paragraph at lines 94--96

 []


Underfull \hbox (badness 10000) in paragraph at lines 115--117

 []

[97]) [98]
\openout2 = `2_17.aux'.

 (2_17.tex
Underfull \hbox (badness 10000) in paragraph at lines 8--12

 []


Underfull \hbox (badness 10000) in paragraph at lines 15--19

 []


Underfull \hbox (badness 10000) in paragraph at lines 22--25

 []


Underfull \hbox (badness 10000) in paragraph at lines 28--29

 []


Underfull \hbox (badness 10000) in paragraph at lines 32--38

 []


Underfull \hbox (badness 10000) in paragraph at lines 39--63

 []

[99


]) [100]
\openout2 = `3_1.aux'.

 (3_1.tex
Overfull \hbox (26.30739pt too wide) in paragraph at lines 5--6
[]\T2A/cmr/m/it/12 Вещественное чис-ло мож-
 []


Overfull \hbox (17.98433pt too wide) in paragraph at lines 49--50
[]\T2A/cmr/m/it/12 Пусть $\OMS/cmsy/m/n/12 f\OML/cmm/m/it/12 a[]\OMS/cmsy/m/n/1
2 g$ \T2A/cmr/m/it/12 --- по-сле-до-ва-тель-ность
 []

[101


] [102]
Underfull \hbox (badness 10000) in paragraph at lines 88--89

 []

[103]
Overfull \hbox (16.03099pt too wide) in paragraph at lines 185--186
[]\T2A/cmr/m/it/12 Если ряд $[][] \OMS/cmsy/m/n/12 j\OML/cmm/m/it/12 a[]\OMS/cm
sy/m/n/12 j$
 []

[104]) [105]
\openout2 = `3_2.aux'.

 (3_2.tex
Overfull \hbox (15.9686pt too wide) in paragraph at lines 29--30
[]\T2A/cmr/m/it/12 Пусть $[] []$
 []

[106


]
Overfull \hbox (4.39801pt too wide) in paragraph at lines 55--57
[]
 []


Underfull \hbox (badness 10000) in paragraph at lines 73--74

 []

[107]
Overfull \hbox (5.01563pt too wide) in paragraph at lines 103--104
[]\T2A/cmr/m/it/12 Пусть
 []

[108]
Underfull \hbox (badness 10000) in paragraph at lines 111--113

 []

[109]
Underfull \hbox (badness 10000) in paragraph at lines 141--143

 []


Overfull \hbox (19.9932pt too wide) in paragraph at lines 144--150
\OT1/cmr/m/n/12 = [[]] =
 []


Overfull \hbox (81.75702pt too wide) in paragraph at lines 156--158
\OT1/cmr/m/n/12 ([]) \OMS/cmsy/m/n/12 )
 []


Overfull \hbox (8.70871pt too wide) in paragraph at lines 163--164
[]\T2A/cmr/m/it/12 Пусть функ-ция $\OML/cmm/m/it/12 f\OT1/cmr/m/n/12 (\OML/cmm/
m/it/12 x\OT1/cmr/m/n/12 )$
 []

[110]
<3_2_1.png, id=1055, 170.71654pt x 121.60709pt>
File: 3_2_1.png Graphic file (type png)
<use 3_2_1.png>
Package pdftex.def Info: 3_2_1.png  used on input line 174.
(pdftex.def)             Requested size: 195.0pt x 138.91556pt.
) [111 <./3_2_1.png>]
\openout2 = `4_1.aux'.

 (4_1.tex
Overfull \hbox (27.43404pt too wide) in paragraph at lines 30--31
[]
 []


Overfull \hbox (216.85992pt too wide) in paragraph at lines 44--46
[]
 []

[112


]
Overfull \hbox (271.38823pt too wide) in paragraph at lines 62--64
[]
 []


LaTeX Warning: Command \cyri invalid in math mode on input line 68.

Missing character: There is no и in font cmr12!

Overfull \hbox (109.58327pt too wide) in paragraph at lines 66--85
\T2A/cmr/bx/n/12 Доказательство. \T2A/cmr/m/n/12 На-до до-ка-зать, что 1. $\OMS
/cmsy/m/n/12 8\OML/cmm/m/it/12 x[] \OMS/cmsy/m/n/12 2 \OT1/cmr/m/n/12 [\OML/cmm
/m/it/12 a\OT1/cmr/m/n/12 ; \OML/cmm/m/it/12 b\OT1/cmr/m/n/12 ] \OMS/cmsy/m/n/1
2 9 [] \OML/cmm/m/it/12 F\OT1/cmr/m/n/12 (\OML/cmm/m/it/12 x\OT1/cmr/m/n/12 ) =
 \OML/cmm/m/it/12 F\OT1/cmr/m/n/12 (\OML/cmm/m/it/12 x[]\OT1/cmr/m/n/12 ) [] []
 
 []


Overfull \hbox (44.68948pt too wide) in paragraph at lines 87--88
[]$[]\OT1/cmr/m/n/12 ([](\OML/cmm/m/it/12 f[]\OT1/cmr/m/n/12 (\OML/cmm/m/it/12 
x\OT1/cmr/m/n/12 ))) = []([](\OML/cmm/m/it/12 f[]\OT1/cmr/m/n/12 (\OML/cmm/m/it
/12 x\OT1/cmr/m/n/12 ))) \OMS/cmsy/m/n/12 , \OML/cmm/m/it/12 F\OT1/cmr/m/n/12 (
\OML/cmm/m/it/12 x\OT1/cmr/m/n/12 ) \OMS/cmsy/m/n/12 2 \OML/cmm/m/it/12 C[]; x;
 x[] \OMS/cmsy/m/n/12 2
 []


Overfull \hbox (230.2386pt too wide) in paragraph at lines 91--93
[]
 []

[113]
Overfull \hbox (167.64285pt too wide) in paragraph at lines 119--120
[]
 []


Underfull \hbox (badness 10000) in paragraph at lines 119--120

 []


! LaTeX Error: There's no line here to end.

See the LaTeX manual or LaTeX Companion for explanation.
Type  H <return>  for immediate help.
 ...                                              
                                                  
l.124 	\\Р
          ўРѕРіРґР°:\\
Your command was ignored.
Type  I <command> <return>  to replace it with another command,
or  <return>  to continue without it.


Underfull \hbox (badness 10000) in paragraph at lines 124--125

 []

) [114] [115]
Package atveryend Info: Empty hook `BeforeClearDocument' on input line 89.
Package atveryend Info: Empty hook `AfterLastShipout' on input line 89.
 (0.aux (1_1.aux) (1_2.aux) (1_3.aux) (1_4.aux) (2_1.aux) (2_2.aux) (2_3.aux) (
2_4.aux) (2_5.aux) (2_6.aux) (2_7.aux) (2_8.aux) (2_9.aux)
(2_10.aux) (2_11.aux) (2_12.aux) (2_13.aux) (2_14.aux) (2_15.aux) (2_16.aux)
(2_17.aux) (3_1.aux) (3_2.aux) (4_1.aux))
Package atveryend Info: Executing hook `AtVeryEndDocument' on input line 89.
Package atveryend Info: Executing hook `AtEndAfterFileList' on input line 89.
Package rerunfilecheck Info: File `0.out' has not changed.
(rerunfilecheck)             Checksum: D7FA8F4C53BBEF94BEB2EA7011105BFC;10880.
Package atveryend Info: Empty hook `AtVeryVeryEnd' on input line 89.
 ) 
Here is how much of TeX's memory you used:
 11462 strings out of 492969
 152883 string characters out of 3140281
 248989 words of memory out of 3000000
 14501 multiletter control sequences out of 15000+200000
 19838 words of font info for 49 fonts, out of 3000000 for 9000
 1141 hyphenation exceptions out of 8191
 32i,20n,33p,1309b,534s stack positions out of 5000i,500n,10000p,200000b,50000s
 <C:\Users\Jackass\AppData\Local\MiKTeX\2.9\fonts\pk\ljfour\lh\lh-t2a\dpi600\
lati0600.pk> <C:\Users\Jackass\AppData\Local\MiKTeX\2.9\fonts\pk\ljfour\lh\lh-t
2a\dpi600\larm0800.pk> <C:\Users\Jackass\AppData\Local\MiKTeX\2.9\fonts\pk\ljfo
ur\lh\lh-t2a\dpi600\labi1200.pk> <C:\Users\Jackass\AppData\Local\MiKTeX\2.9\fon
ts\pk\ljfour\lh\lh-t2a\dpi600\lati0800.pk> <C:\Users\Jackass\AppData\Local\MiKT
eX\2.9\fonts\pk\ljfour\lh\lh-t2a\dpi600\lati1200.pk> <C:\Users\Jackass\AppData\
Local\MiKTeX\2.9\fonts\pk\ljfour\lh\lh-t2a\dpi600\labx2488.pk> <C:\Users\Jackas
s\AppData\Local\MiKTeX\2.9\fonts\pk\ljfour\lh\lh-t2a\dpi600\larm1200.pk> <C:\Us
ers\Jackass\AppData\Local\MiKTeX\2.9\fonts\pk\ljfour\lh\lh-t2a\dpi600\labx1200.
pk> <C:\Users\Jackass\AppData\Local\MiKTeX\2.9\fonts\pk\ljfour\lh\lh-t2a\dpi600
\labx1440.pk> <C:\Users\Jackass\AppData\Local\MiKTeX\2.9\fonts\pk\ljfour\lh\lh-
t2a\dpi600\labx1728.pk><D:/dev/tex/miktex/fonts/type1/public/amsfonts/cm/cmex10
.pfb><D:/dev/tex/miktex/fonts/type1/public/amsfonts/cmextra/cmex8.pfb><D:/dev/t
ex/miktex/fonts/type1/public/amsfonts/cm/cmmi12.pfb><D:/dev/tex/miktex/fonts/ty
pe1/public/amsfonts/cm/cmmi6.pfb><D:/dev/tex/miktex/fonts/type1/public/amsfonts
/cm/cmmi8.pfb><D:/dev/tex/miktex/fonts/type1/public/amsfonts/cm/cmr12.pfb><D:/d
ev/tex/miktex/fonts/type1/public/amsfonts/cm/cmr6.pfb><D:/dev/tex/miktex/fonts/
type1/public/amsfonts/cm/cmr8.pfb><D:/dev/tex/miktex/fonts/type1/public/amsfont
s/cm/cmsy10.pfb><D:/dev/tex/miktex/fonts/type1/public/amsfonts/cm/cmsy6.pfb><D:
/dev/tex/miktex/fonts/type1/public/amsfonts/cm/cmsy8.pfb><D:/dev/tex/miktex/fon
ts/type1/public/amsfonts/latxfont/line10.pfb><D:/dev/tex/miktex/fonts/type1/pub
lic/amsfonts/symbols/msam10.pfb><D:/dev/tex/miktex/fonts/type1/public/amsfonts/
symbols/msbm10.pfb>
Output written on 0.pdf (115 pages, 1341174 bytes).
PDF statistics:
 1710 PDF objects out of 1728 (max. 8388607)
 520 named destinations out of 1000 (max. 500000)
 310 words of extra memory for PDF output out of 10000 (max. 10000000)

