This is pdfTeX, Version 3.14159265-2.6-1.40.19 (MiKTeX 2.9.6880 64-bit) (preloaded format=pdflatex 2018.12.3)  3 DEC 2018 23:37
entering extended mode
**./4_1.tex
(4_1.tex
LaTeX2e <2018-04-01> patch level 5
! Undefined control sequence.
l.1 \part
         {–§—É–Ω–∫—Ü–∏–æ–Ω–∞–ª—å–Ω—ã–µ –ø–æ—Å–ª–µ–¥–æ–≤–∞—Ç–µ–ª—å–Ω–æ—Å—Ç–∏ ...
The control sequence at the end of the top line
of your error message was never \def'ed. If you have
misspelled it (e.g., `\hobx'), type `I' and the correct
spelling (e.g., `I\hbox'). Otherwise just continue,
and I'll forget about whatever was undefined.


! Package inputenc Error: Unicode character –§ (U+424)
(inputenc)                not set up for use with LaTeX.

See the inputenc package documentation for explanation.
Type  H <return>  for immediate help.
 ...                                              
                                                  
l.1 \part{–§
            —É–Ω–∫—Ü–∏–æ–Ω–∞–ª—å–Ω—ã–µ –ø–æ—Å–ª–µ–¥–æ–≤–∞—Ç–µ–ª—å–Ω–æ—Å—Ç–∏ ...

You may provide a definition with
\DeclareUnicodeCharacter 


! Package inputenc Error: Unicode character —É (U+443)
(inputenc)                not set up for use with LaTeX.

See the inputenc package documentation for explanation.
Type  H <return>  for immediate help.
 ...                                              
                                                  
l.1 \part{–§—É
              –Ω–∫—Ü–∏–æ–Ω–∞–ª—å–Ω—ã–µ –ø–æ—Å–ª–µ–¥–æ–≤–∞—Ç–µ–ª—å–Ω–æ—Å—Ç–∏ ...

You may provide a definition with
\DeclareUnicodeCharacter 


! Package inputenc Error: Unicode character –Ω (U+43D)
(inputenc)                not set up for use with LaTeX.

See the inputenc package documentation for explanation.
Type  H <return>  for immediate help.
 ...                                              
                                                  
l.1 \part{–§—É–Ω
                –∫—Ü–∏–æ–Ω–∞–ª—å–Ω—ã–µ –ø–æ—Å–ª–µ–¥–æ–≤–∞—Ç–µ–ª—å–Ω–æ—Å—Ç–∏ ...

You may provide a definition with
\DeclareUnicodeCharacter 


! Package inputenc Error: Unicode character –∫ (U+43A)
(inputenc)                not set up for use with LaTeX.

See the inputenc package documentation for explanation.
Type  H <return>  for immediate help.
 ...                                              
                                                  
l.1 \part{–§—É–Ω–∫
                  —Ü–∏–æ–Ω–∞–ª—å–Ω—ã–µ –ø–æ—Å–ª–µ–¥–æ–≤–∞—Ç–µ–ª—å–Ω–æ—Å—Ç–∏ ...

You may provide a definition with
\DeclareUnicodeCharacter 


! Package inputenc Error: Unicode character —Ü (U+446)
(inputenc)                not set up for use with LaTeX.

See the inputenc package documentation for explanation.
Type  H <return>  for immediate help.
 ...                                              
                                                  
l.1 \part{–§—É–Ω–∫—Ü
                    –∏–æ–Ω–∞–ª—å–Ω—ã–µ –ø–æ—Å–ª–µ–¥–æ–≤–∞—Ç–µ–ª—å–Ω–æ—Å—Ç–∏ ...

You may provide a definition with
\DeclareUnicodeCharacter 


! Package inputenc Error: Unicode character –∏ (U+438)
(inputenc)                not set up for use with LaTeX.

See the inputenc package documentation for explanation.
Type  H <return>  for immediate help.
 ...                                              
                                                  
l.1 \part{–§—É–Ω–∫—Ü–∏
                      –æ–Ω–∞–ª—å–Ω—ã–µ –ø–æ—Å–ª–µ–¥–æ–≤–∞—Ç–µ–ª—å–Ω–æ—Å—Ç–∏ ...

You may provide a definition with
\DeclareUnicodeCharacter 


! Package inputenc Error: Unicode character –æ (U+43E)
(inputenc)                not set up for use with LaTeX.

See the inputenc package documentation for explanation.
Type  H <return>  for immediate help.
 ...                                              
                                                  
l.1 \part{–§—É–Ω–∫—Ü–∏–æ
                        –Ω–∞–ª—å–Ω—ã–µ –ø–æ—Å–ª–µ–¥–æ–≤–∞—Ç–µ–ª—å–Ω–æ—Å—Ç–∏ ...

You may provide a definition with
\DeclareUnicodeCharacter 


! Package inputenc Error: Unicode character –Ω (U+43D)
(inputenc)                not set up for use with LaTeX.

See the inputenc package documentation for explanation.
Type  H <return>  for immediate help.
 ...                                              
                                                  
l.1 \part{–§—É–Ω–∫—Ü–∏–æ–Ω
                          –∞–ª—å–Ω—ã–µ –ø–æ—Å–ª–µ–¥–æ–≤–∞—Ç–µ–ª—å–Ω–æ—Å—Ç–∏ ...

You may provide a definition with
\DeclareUnicodeCharacter 


! Package inputenc Error: Unicode character –∞ (U+430)
(inputenc)                not set up for use with LaTeX.

See the inputenc package documentation for explanation.
Type  H <return>  for immediate help.
 ...                                              
                                                  
l.1 \part{–§—É–Ω–∫—Ü–∏–æ–Ω–∞
                            –ª—å–Ω—ã–µ –ø–æ—Å–ª–µ–¥–æ–≤–∞—Ç–µ–ª—å–Ω–æ—Å—Ç–∏ ...

You may provide a definition with
\DeclareUnicodeCharacter 


! Package inputenc Error: Unicode character –ª (U+43B)
(inputenc)                not set up for use with LaTeX.

See the inputenc package documentation for explanation.
Type  H <return>  for immediate help.
 ...                                              
                                                  
l.1 \part{–§—É–Ω–∫—Ü–∏–æ–Ω–∞–ª
                              —å–Ω—ã–µ –ø–æ—Å–ª–µ–¥–æ–≤–∞—Ç–µ–ª—å–Ω–æ—Å—Ç–∏ ...

You may provide a definition with
\DeclareUnicodeCharacter 


! Package inputenc Error: Unicode character —å (U+44C)
(inputenc)                not set up for use with LaTeX.

See the inputenc package documentation for explanation.
Type  H <return>  for immediate help.
 ...                                              
                                                  
l.1 \part{–§—É–Ω–∫—Ü–∏–æ–Ω–∞–ª—å
                                –Ω—ã–µ –ø–æ—Å–ª–µ–¥–æ–≤–∞—Ç–µ–ª—å–Ω–æ—Å—Ç–∏ ...

You may provide a definition with
\DeclareUnicodeCharacter 


! Package inputenc Error: Unicode character –Ω (U+43D)
(inputenc)                not set up for use with LaTeX.

See the inputenc package documentation for explanation.
Type  H <return>  for immediate help.
 ...                                              
                                                  
l.1 \part{–§—É–Ω–∫—Ü–∏–æ–Ω–∞–ª—å–Ω
                                  —ã–µ –ø–æ—Å–ª–µ–¥–æ–≤–∞—Ç–µ–ª—å–Ω–æ—Å—Ç–∏ ...

You may provide a definition with
\DeclareUnicodeCharacter 


! Package inputenc Error: Unicode character —ã (U+44B)
(inputenc)                not set up for use with LaTeX.

See the inputenc package documentation for explanation.
Type  H <return>  for immediate help.
 ...                                              
                                                  
l.1 \part{–§—É–Ω–∫—Ü–∏–æ–Ω–∞–ª—å–Ω—ã
                                    –µ –ø–æ—Å–ª–µ–¥–æ–≤–∞—Ç–µ–ª—å–Ω–æ—Å—Ç–∏ ...

You may provide a definition with
\DeclareUnicodeCharacter 


! Package inputenc Error: Unicode character –µ (U+435)
(inputenc)                not set up for use with LaTeX.

See the inputenc package documentation for explanation.
Type  H <return>  for immediate help.
 ...                                              
                                                  
l.1 \part{–§—É–Ω–∫—Ü–∏–æ–Ω–∞–ª—å–Ω—ã–µ
                                       –ø–æ—Å–ª–µ–¥–æ–≤–∞—Ç–µ–ª—å–Ω–æ—Å—Ç–∏ ...

You may provide a definition with
\DeclareUnicodeCharacter 


! Package inputenc Error: Unicode character –ø (U+43F)
(inputenc)                not set up for use with LaTeX.

See the inputenc package documentation for explanation.
Type  H <return>  for immediate help.
 ...                                              
                                                  
l.1 \part{–§—É–Ω–∫—Ü–∏–æ–Ω–∞–ª—å–Ω—ã–µ –ø
                                         –æ—Å–ª–µ–¥–æ–≤–∞—Ç–µ–ª—å–Ω–æ—Å—Ç–∏ ...

You may provide a definition with
\DeclareUnicodeCharacter 


! Package inputenc Error: Unicode character –æ (U+43E)
(inputenc)                not set up for use with LaTeX.

See the inputenc package documentation for explanation.
Type  H <return>  for immediate help.
 ...                                              
                                                  
l.1 \part{–§—É–Ω–∫—Ü–∏–æ–Ω–∞–ª—å–Ω—ã–µ –ø–æ
                                           —Å–ª–µ–¥–æ–≤–∞—Ç–µ–ª—å–Ω–æ—Å—Ç–∏ ...

You may provide a definition with
\DeclareUnicodeCharacter 


! Package inputenc Error: Unicode character —Å (U+441)
(inputenc)                not set up for use with LaTeX.

See the inputenc package documentation for explanation.
Type  H <return>  for immediate help.
 ...                                              
                                                  
l.1 \part{–§—É–Ω–∫—Ü–∏–æ–Ω–∞–ª—å–Ω—ã–µ –ø–æ—Å
                                             –ª–µ–¥–æ–≤–∞—Ç–µ–ª—å–Ω–æ—Å—Ç–∏ ...

You may provide a definition with
\DeclareUnicodeCharacter 


! Package inputenc Error: Unicode character –ª (U+43B)
(inputenc)                not set up for use with LaTeX.

See the inputenc package documentation for explanation.
Type  H <return>  for immediate help.
 ...                                              
                                                  
l.1 \part{–§—É–Ω–∫—Ü–∏–æ–Ω–∞–ª—å–Ω—ã–µ –ø–æ—Å–ª
                                               –µ–¥–æ–≤–∞—Ç–µ–ª—å–Ω–æ—Å—Ç–∏ ...

You may provide a definition with
\DeclareUnicodeCharacter 


! Package inputenc Error: Unicode character –µ (U+435)
(inputenc)                not set up for use with LaTeX.

See the inputenc package documentation for explanation.
Type  H <return>  for immediate help.
 ...                                              
                                                  
l.1 \part{–§—É–Ω–∫—Ü–∏–æ–Ω–∞–ª—å–Ω—ã–µ –ø–æ—Å–ª–µ
                                                 –¥–æ–≤–∞—Ç–µ–ª—å–Ω–æ—Å—Ç–∏ ...

You may provide a definition with
\DeclareUnicodeCharacter 


! Package inputenc Error: Unicode character –¥ (U+434)
(inputenc)                not set up for use with LaTeX.

See the inputenc package documentation for explanation.
Type  H <return>  for immediate help.
 ...                                              
                                                  
l.1 ...t{–§—É–Ω–∫—Ü–∏–æ–Ω–∞–ª—å–Ω—ã–µ –ø–æ—Å–ª–µ–¥
                                                  –æ–≤–∞—Ç–µ–ª—å–Ω–æ—Å—Ç–∏ –...

You may provide a definition with
\DeclareUnicodeCharacter 


! Package inputenc Error: Unicode character –æ (U+43E)
(inputenc)                not set up for use with LaTeX.

See the inputenc package documentation for explanation.
Type  H <return>  for immediate help.
 ...                                              
                                                  
l.1 ...–§—É–Ω–∫—Ü–∏–æ–Ω–∞–ª—å–Ω—ã–µ –ø–æ—Å–ª–µ–¥–æ
                                                  –≤–∞—Ç–µ–ª—å–Ω–æ—Å—Ç–∏ –∏ ...

You may provide a definition with
\DeclareUnicodeCharacter 


! Package inputenc Error: Unicode character –≤ (U+432)
(inputenc)                not set up for use with LaTeX.

See the inputenc package documentation for explanation.
Type  H <return>  for immediate help.
 ...                                              
                                                  
l.1 ...—É–Ω–∫—Ü–∏–æ–Ω–∞–ª—å–Ω—ã–µ –ø–æ—Å–ª–µ–¥–æ–≤
                                                  –∞—Ç–µ–ª—å–Ω–æ—Å—Ç–∏ –∏ —Ä...

You may provide a definition with
\DeclareUnicodeCharacter 


! Package inputenc Error: Unicode character –∞ (U+430)
(inputenc)                not set up for use with LaTeX.

See the inputenc package documentation for explanation.
Type  H <return>  for immediate help.
 ...                                              
                                                  
l.1 ...–Ω–∫—Ü–∏–æ–Ω–∞–ª—å–Ω—ã–µ –ø–æ—Å–ª–µ–¥–æ–≤–∞
                                                  —Ç–µ–ª—å–Ω–æ—Å—Ç–∏ –∏ —Ä—è...

You may provide a definition with
\DeclareUnicodeCharacter 


! Package inputenc Error: Unicode character —Ç (U+442)
(inputenc)                not set up for use with LaTeX.

See the inputenc package documentation for explanation.
Type  H <return>  for immediate help.
 ...                                              
                                                  
l.1 ...–∫—Ü–∏–æ–Ω–∞–ª—å–Ω—ã–µ –ø–æ—Å–ª–µ–¥–æ–≤–∞—Ç
                                                  –µ–ª—å–Ω–æ—Å—Ç–∏ –∏ —Ä—è–¥—ã}

You may provide a definition with
\DeclareUnicodeCharacter 


! Package inputenc Error: Unicode character –µ (U+435)
(inputenc)                not set up for use with LaTeX.

See the inputenc package documentation for explanation.
Type  H <return>  for immediate help.
 ...                                              
                                                  
l.1 ...—Ü–∏–æ–Ω–∞–ª—å–Ω—ã–µ –ø–æ—Å–ª–µ–¥–æ–≤–∞—Ç–µ
                                                  –ª—å–Ω–æ—Å—Ç–∏ –∏ —Ä—è–¥—ã}
You may provide a definition with
\DeclareUnicodeCharacter 


! Package inputenc Error: Unicode character –ª (U+43B)
(inputenc)                not set up for use with LaTeX.

See the inputenc package documentation for explanation.
Type  H <return>  for immediate help.
 ...                                              
                                                  
l.1 ...–∏–æ–Ω–∞–ª—å–Ω—ã–µ –ø–æ—Å–ª–µ–¥–æ–≤–∞—Ç–µ–ª
                                                  —å–Ω–æ—Å—Ç–∏ –∏ —Ä—è–¥—ã}
You may provide a definition with
\DeclareUnicodeCharacter 


! Package inputenc Error: Unicode character —å (U+44C)
(inputenc)                not set up for use with LaTeX.

See the inputenc package documentation for explanation.
Type  H <return>  for immediate help.
 ...                                              
                                                  
l.1 ...–æ–Ω–∞–ª—å–Ω—ã–µ –ø–æ—Å–ª–µ–¥–æ–≤–∞—Ç–µ–ª—å
                                                  –Ω–æ—Å—Ç–∏ –∏ —Ä—è–¥—ã}
You may provide a definition with
\DeclareUnicodeCharacter 


! Package inputenc Error: Unicode character –Ω (U+43D)
(inputenc)                not set up for use with LaTeX.

See the inputenc package documentation for explanation.
Type  H <return>  for immediate help.
 ...                                              
                                                  
l.1 ...–Ω–∞–ª—å–Ω—ã–µ –ø–æ—Å–ª–µ–¥–æ–≤–∞—Ç–µ–ª—å–Ω
                                                  –æ—Å—Ç–∏ –∏ —Ä—è–¥—ã}
You may provide a definition with
\DeclareUnicodeCharacter 


! Package inputenc Error: Unicode character –æ (U+43E)
(inputenc)                not set up for use with LaTeX.

See the inputenc package documentation for explanation.
Type  H <return>  for immediate help.
 ...                                              
                                                  
l.1 ...–∞–ª—å–Ω—ã–µ –ø–æ—Å–ª–µ–¥–æ–≤–∞—Ç–µ–ª—å–Ω–æ
                                                  —Å—Ç–∏ –∏ —Ä—è–¥—ã}
You may provide a definition with
\DeclareUnicodeCharacter 


! Package inputenc Error: Unicode character —Å (U+441)
(inputenc)                not set up for use with LaTeX.

See the inputenc package documentation for explanation.
Type  H <return>  for immediate help.
 ...                                              
                                                  
l.1 ...–ª—å–Ω—ã–µ –ø–æ—Å–ª–µ–¥–æ–≤–∞—Ç–µ–ª—å–Ω–æ—Å
                                                  —Ç–∏ –∏ —Ä—è–¥—ã}
You may provide a definition with
\DeclareUnicodeCharacter 


! Package inputenc Error: Unicode character —Ç (U+442)
(inputenc)                not set up for use with LaTeX.

See the inputenc package documentation for explanation.
Type  H <return>  for immediate help.
 ...                                              
                                                  
l.1 ...—å–Ω—ã–µ –ø–æ—Å–ª–µ–¥–æ–≤–∞—Ç–µ–ª—å–Ω–æ—Å—Ç
                                                  –∏ –∏ —Ä—è–¥—ã}
You may provide a definition with
\DeclareUnicodeCharacter 


! Package inputenc Error: Unicode character –∏ (U+438)
(inputenc)                not set up for use with LaTeX.

See the inputenc package documentation for explanation.
Type  H <return>  for immediate help.
 ...                                              
                                                  
l.1 ...–Ω—ã–µ –ø–æ—Å–ª–µ–¥–æ–≤–∞—Ç–µ–ª—å–Ω–æ—Å—Ç–∏
                                                   –∏ —Ä—è–¥—ã}
You may provide a definition with
\DeclareUnicodeCharacter 


! Package inputenc Error: Unicode character –∏ (U+438)
(inputenc)                not set up for use with LaTeX.

See the inputenc package documentation for explanation.
Type  H <return>  for immediate help.
 ...                                              
                                                  
l.1 ...ã–µ –ø–æ—Å–ª–µ–¥–æ–≤–∞—Ç–µ–ª—å–Ω–æ—Å—Ç–∏ –∏
                                                   —Ä—è–¥—ã}
You may provide a definition with
\DeclareUnicodeCharacter 


! Package inputenc Error: Unicode character —Ä (U+440)
(inputenc)                not set up for use with LaTeX.

See the inputenc package documentation for explanation.
Type  H <return>  for immediate help.
 ...                                              
                                                  
l.1 ... –ø–æ—Å–ª–µ–¥–æ–≤–∞—Ç–µ–ª—å–Ω–æ—Å—Ç–∏ –∏ —Ä
                                                  —è–¥—ã}
You may provide a definition with
\DeclareUnicodeCharacter 


! Package inputenc Error: Unicode character —è (U+44F)
(inputenc)                not set up for use with LaTeX.

See the inputenc package documentation for explanation.
Type  H <return>  for immediate help.
 ...                                              
                                                  
l.1 ...ø–æ—Å–ª–µ–¥–æ–≤–∞—Ç–µ–ª—å–Ω–æ—Å—Ç–∏ –∏ —Ä—è
                                                  –¥—ã}
You may provide a definition with
\DeclareUnicodeCharacter 


! Package inputenc Error: Unicode character –¥ (U+434)
(inputenc)                not set up for use with LaTeX.

See the inputenc package documentation for explanation.
Type  H <return>  for immediate help.
 ...                                              
                                                  
l.1 ...æ—Å–ª–µ–¥–æ–≤–∞—Ç–µ–ª—å–Ω–æ—Å—Ç–∏ –∏ —Ä—è–¥
                                                  —ã}
You may provide a definition with
\DeclareUnicodeCharacter 


! Package inputenc Error: Unicode character —ã (U+44B)
(inputenc)                not set up for use with LaTeX.

See the inputenc package documentation for explanation.
Type  H <return>  for immediate help.
 ...                                              
                                                  
l.1 ...Å–ª–µ–¥–æ–≤–∞—Ç–µ–ª—å–Ω–æ—Å—Ç–∏ –∏ —Ä—è–¥—ã
                                                  }
You may provide a definition with
\DeclareUnicodeCharacter 

! Undefined control sequence.
l.2 \section
            {–†–∞–≤–Ω–æ–º–µ—Ä–Ω–æ —Å—Ö–æ–¥—è—â–∏–µ—Å—è —Ñ—É–Ω–∫—Ü–∏–æ–Ω–∞–ª—...
The control sequence at the end of the top line
of your error message was never \def'ed. If you have
misspelled it (e.g., `\hobx'), type `I' and the correct
spelling (e.g., `I\hbox'). Otherwise just continue,
and I'll forget about whatever was undefined.


! Package inputenc Error: Unicode character –† (U+420)
(inputenc)                not set up for use with LaTeX.

See the inputenc package documentation for explanation.
Type  H <return>  for immediate help.
 ...                                              
                                                  
l.2 \section{–†
               –∞–≤–Ω–æ–º–µ—Ä–Ω–æ —Å—Ö–æ–¥—è—â–∏–µ—Å—è —Ñ—É–Ω–∫—Ü–∏–æ–Ω–∞–ª—...

You may provide a definition with
\DeclareUnicodeCharacter 


! Package inputenc Error: Unicode character –∞ (U+430)
(inputenc)                not set up for use with LaTeX.

See the inputenc package documentation for explanation.
Type  H <return>  for immediate help.
 ...                                              
                                                  
l.2 \section{–†–∞
                 –≤–Ω–æ–º–µ—Ä–Ω–æ —Å—Ö–æ–¥—è—â–∏–µ—Å—è —Ñ—É–Ω–∫—Ü–∏–æ–Ω–∞–ª—...

You may provide a definition with
\DeclareUnicodeCharacter 


! Package inputenc Error: Unicode character –≤ (U+432)
(inputenc)                not set up for use with LaTeX.

See the inputenc package documentation for explanation.
Type  H <return>  for immediate help.
 ...                                              
                                                  
l.2 \section{–†–∞–≤
                   –Ω–æ–º–µ—Ä–Ω–æ —Å—Ö–æ–¥—è—â–∏–µ—Å—è —Ñ—É–Ω–∫—Ü–∏–æ–Ω–∞–ª—...

You may provide a definition with
\DeclareUnicodeCharacter 


! Package inputenc Error: Unicode character –Ω (U+43D)
(inputenc)                not set up for use with LaTeX.

See the inputenc package documentation for explanation.
Type  H <return>  for immediate help.
 ...                                              
                                                  
l.2 \section{–†–∞–≤–Ω
                     –æ–º–µ—Ä–Ω–æ —Å—Ö–æ–¥—è—â–∏–µ—Å—è —Ñ—É–Ω–∫—Ü–∏–æ–Ω–∞–ª—...

You may provide a definition with
\DeclareUnicodeCharacter 


! Package inputenc Error: Unicode character –æ (U+43E)
(inputenc)                not set up for use with LaTeX.

See the inputenc package documentation for explanation.
Type  H <return>  for immediate help.
 ...                                              
                                                  
l.2 \section{–†–∞–≤–Ω–æ
                       –º–µ—Ä–Ω–æ —Å—Ö–æ–¥—è—â–∏–µ—Å—è —Ñ—É–Ω–∫—Ü–∏–æ–Ω–∞–ª—...

You may provide a definition with
\DeclareUnicodeCharacter 


! Package inputenc Error: Unicode character –º (U+43C)
(inputenc)                not set up for use with LaTeX.

See the inputenc package documentation for explanation.
Type  H <return>  for immediate help.
 ...                                              
                                                  
l.2 \section{–†–∞–≤–Ω–æ–º
                         –µ—Ä–Ω–æ —Å—Ö–æ–¥—è—â–∏–µ—Å—è —Ñ—É–Ω–∫—Ü–∏–æ–Ω–∞–ª—...

You may provide a definition with
\DeclareUnicodeCharacter 


! Package inputenc Error: Unicode character –µ (U+435)
(inputenc)                not set up for use with LaTeX.

See the inputenc package documentation for explanation.
Type  H <return>  for immediate help.
 ...                                              
                                                  
l.2 \section{–†–∞–≤–Ω–æ–º–µ
                           —Ä–Ω–æ —Å—Ö–æ–¥—è—â–∏–µ—Å—è —Ñ—É–Ω–∫—Ü–∏–æ–Ω–∞–ª—...

You may provide a definition with
\DeclareUnicodeCharacter 


! Package inputenc Error: Unicode character —Ä (U+440)
(inputenc)                not set up for use with LaTeX.

See the inputenc package documentation for explanation.
Type  H <return>  for immediate help.
 ...                                              
                                                  
l.2 \section{–†–∞–≤–Ω–æ–º–µ—Ä
                             –Ω–æ —Å—Ö–æ–¥—è—â–∏–µ—Å—è —Ñ—É–Ω–∫—Ü–∏–æ–Ω–∞–ª—...

You may provide a definition with
\DeclareUnicodeCharacter 


! Package inputenc Error: Unicode character –Ω (U+43D)
(inputenc)                not set up for use with LaTeX.

See the inputenc package documentation for explanation.
Type  H <return>  for immediate help.
 ...                                              
                                                  
l.2 \section{–†–∞–≤–Ω–æ–º–µ—Ä–Ω
                               –æ —Å—Ö–æ–¥—è—â–∏–µ—Å—è —Ñ—É–Ω–∫—Ü–∏–æ–Ω–∞–ª—...

You may provide a definition with
\DeclareUnicodeCharacter 


! Package inputenc Error: Unicode character –æ (U+43E)
(inputenc)                not set up for use with LaTeX.

See the inputenc package documentation for explanation.
Type  H <return>  for immediate help.
 ...                                              
                                                  
l.2 \section{–†–∞–≤–Ω–æ–º–µ—Ä–Ω–æ
                                  —Å—Ö–æ–¥—è—â–∏–µ—Å—è —Ñ—É–Ω–∫—Ü–∏–æ–Ω–∞–ª—...

You may provide a definition with
\DeclareUnicodeCharacter 


! Package inputenc Error: Unicode character —Å (U+441)
(inputenc)                not set up for use with LaTeX.

See the inputenc package documentation for explanation.
Type  H <return>  for immediate help.
 ...                                              
                                                  
l.2 \section{–†–∞–≤–Ω–æ–º–µ—Ä–Ω–æ —Å
                                    —Ö–æ–¥—è—â–∏–µ—Å—è —Ñ—É–Ω–∫—Ü–∏–æ–Ω–∞–ª—...

You may provide a definition with
\DeclareUnicodeCharacter 


! Package inputenc Error: Unicode character —Ö (U+445)
(inputenc)                not set up for use with LaTeX.

See the inputenc package documentation for explanation.
Type  H <return>  for immediate help.
 ...                                              
                                                  
l.2 \section{–†–∞–≤–Ω–æ–º–µ—Ä–Ω–æ —Å—Ö
                                      –æ–¥—è—â–∏–µ—Å—è —Ñ—É–Ω–∫—Ü–∏–æ–Ω–∞–ª—...

You may provide a definition with
\DeclareUnicodeCharacter 


! Package inputenc Error: Unicode character –æ (U+43E)
(inputenc)                not set up for use with LaTeX.

See the inputenc package documentation for explanation.
Type  H <return>  for immediate help.
 ...                                              
                                                  
l.2 \section{–†–∞–≤–Ω–æ–º–µ—Ä–Ω–æ —Å—Ö–æ
                                        –¥—è—â–∏–µ—Å—è —Ñ—É–Ω–∫—Ü–∏–æ–Ω–∞–ª—...

You may provide a definition with
\DeclareUnicodeCharacter 


! Package inputenc Error: Unicode character –¥ (U+434)
(inputenc)                not set up for use with LaTeX.

See the inputenc package documentation for explanation.
Type  H <return>  for immediate help.
 ...                                              
                                                  
l.2 \section{–†–∞–≤–Ω–æ–º–µ—Ä–Ω–æ —Å—Ö–æ–¥
                                          —è—â–∏–µ—Å—è —Ñ—É–Ω–∫—Ü–∏–æ–Ω–∞–ª—...

You may provide a definition with
\DeclareUnicodeCharacter 


! Package inputenc Error: Unicode character —è (U+44F)
(inputenc)                not set up for use with LaTeX.

See the inputenc package documentation for explanation.
Type  H <return>  for immediate help.
 ...                                              
                                                  
l.2 \section{–†–∞–≤–Ω–æ–º–µ—Ä–Ω–æ —Å—Ö–æ–¥—è
                                            —â–∏–µ—Å—è —Ñ—É–Ω–∫—Ü–∏–æ–Ω–∞–ª—...

You may provide a definition with
\DeclareUnicodeCharacter 


! Package inputenc Error: Unicode character —â (U+449)
(inputenc)                not set up for use with LaTeX.

See the inputenc package documentation for explanation.
Type  H <return>  for immediate help.
 ...                                              
                                                  
l.2 \section{–†–∞–≤–Ω–æ–º–µ—Ä–Ω–æ —Å—Ö–æ–¥—è—â
                                              –∏–µ—Å—è —Ñ—É–Ω–∫—Ü–∏–æ–Ω–∞–ª—...

You may provide a definition with
\DeclareUnicodeCharacter 


! Package inputenc Error: Unicode character –∏ (U+438)
(inputenc)                not set up for use with LaTeX.

See the inputenc package documentation for explanation.
Type  H <return>  for immediate help.
 ...                                              
                                                  
l.2 \section{–†–∞–≤–Ω–æ–º–µ—Ä–Ω–æ —Å—Ö–æ–¥—è—â–∏
                                                –µ—Å—è —Ñ—É–Ω–∫—Ü–∏–æ–Ω–∞–ª—...

You may provide a definition with
\DeclareUnicodeCharacter 


! Package inputenc Error: Unicode character –µ (U+435)
(inputenc)                not set up for use with LaTeX.

See the inputenc package documentation for explanation.
Type  H <return>  for immediate help.
 ...                                              
                                                  
l.2 \section{–†–∞–≤–Ω–æ–º–µ—Ä–Ω–æ —Å—Ö–æ–¥—è—â–∏–µ
                                                  —Å—è —Ñ—É–Ω–∫—Ü–∏–æ–Ω–∞–ª—...

You may provide a definition with
\DeclareUnicodeCharacter 


! Package inputenc Error: Unicode character —Å (U+441)
(inputenc)                not set up for use with LaTeX.

See the inputenc package documentation for explanation.
Type  H <return>  for immediate help.
 ...                                              
                                                  
l.2 ...ion{–†–∞–≤–Ω–æ–º–µ—Ä–Ω–æ —Å—Ö–æ–¥—è—â–∏–µ—Å
                                                  —è —Ñ—É–Ω–∫—Ü–∏–æ–Ω–∞–ª—å–...

You may provide a definition with
\DeclareUnicodeCharacter 


! Package inputenc Error: Unicode character —è (U+44F)
(inputenc)                not set up for use with LaTeX.

See the inputenc package documentation for explanation.
Type  H <return>  for immediate help.
 ...                                              
                                                  
l.2 ...n{–†–∞–≤–Ω–æ–º–µ—Ä–Ω–æ —Å—Ö–æ–¥—è—â–∏–µ—Å—è
                                                   —Ñ—É–Ω–∫—Ü–∏–æ–Ω–∞–ª—å–Ω—...

You may provide a definition with
\DeclareUnicodeCharacter 


! Package inputenc Error: Unicode character —Ñ (U+444)
(inputenc)                not set up for use with LaTeX.

See the inputenc package documentation for explanation.
Type  H <return>  for immediate help.
 ...                                              
                                                  
l.2 ...†–∞–≤–Ω–æ–º–µ—Ä–Ω–æ —Å—Ö–æ–¥—è—â–∏–µ—Å—è —Ñ
                                                  —É–Ω–∫—Ü–∏–æ–Ω–∞–ª—å–Ω—ã–µ...

You may provide a definition with
\DeclareUnicodeCharacter 


! Package inputenc Error: Unicode character —É (U+443)
(inputenc)                not set up for use with LaTeX.

See the inputenc package documentation for explanation.
Type  H <return>  for immediate help.
 ...                                              
                                                  
l.2 ...∞–≤–Ω–æ–º–µ—Ä–Ω–æ —Å—Ö–æ–¥—è—â–∏–µ—Å—è —Ñ—É
                                                  –Ω–∫—Ü–∏–æ–Ω–∞–ª—å–Ω—ã–µ –...

You may provide a definition with
\DeclareUnicodeCharacter 


! Package inputenc Error: Unicode character –Ω (U+43D)
(inputenc)                not set up for use with LaTeX.

See the inputenc package documentation for explanation.
Type  H <return>  for immediate help.
 ...                                              
                                                  
l.2 ...≤–Ω–æ–º–µ—Ä–Ω–æ —Å—Ö–æ–¥—è—â–∏–µ—Å—è —Ñ—É–Ω
                                                  –∫—Ü–∏–æ–Ω–∞–ª—å–Ω—ã–µ –ø–...

You may provide a definition with
\DeclareUnicodeCharacter 


! Package inputenc Error: Unicode character –∫ (U+43A)
(inputenc)                not set up for use with LaTeX.

See the inputenc package documentation for explanation.
Type  H <return>  for immediate help.
 ...                                              
                                                  
l.2 ...Ω–æ–º–µ—Ä–Ω–æ —Å—Ö–æ–¥—è—â–∏–µ—Å—è —Ñ—É–Ω–∫
                                                  —Ü–∏–æ–Ω–∞–ª—å–Ω—ã–µ –ø–æ—...

You may provide a definition with
\DeclareUnicodeCharacter 


! Package inputenc Error: Unicode character —Ü (U+446)
(inputenc)                not set up for use with LaTeX.

See the inputenc package documentation for explanation.
Type  H <return>  for immediate help.
 ...                                              
                                                  
l.2 ...æ–º–µ—Ä–Ω–æ —Å—Ö–æ–¥—è—â–∏–µ—Å—è —Ñ—É–Ω–∫—Ü
                                                  –∏–æ–Ω–∞–ª—å–Ω—ã–µ –ø–æ—Å–...

You may provide a definition with
\DeclareUnicodeCharacter 


! Package inputenc Error: Unicode character –∏ (U+438)
(inputenc)                not set up for use with LaTeX.

See the inputenc package documentation for explanation.
Type  H <return>  for immediate help.
 ...                                              
                                                  
l.2 ...º–µ—Ä–Ω–æ —Å—Ö–æ–¥—è—â–∏–µ—Å—è —Ñ—É–Ω–∫—Ü–∏
                                                  –æ–Ω–∞–ª—å–Ω—ã–µ –ø–æ—Å–ª–...

You may provide a definition with
\DeclareUnicodeCharacter 


! Package inputenc Error: Unicode character –æ (U+43E)
(inputenc)                not set up for use with LaTeX.

See the inputenc package documentation for explanation.
Type  H <return>  for immediate help.
 ...                                              
                                                  
l.2 ...µ—Ä–Ω–æ —Å—Ö–æ–¥—è—â–∏–µ—Å—è —Ñ—É–Ω–∫—Ü–∏–æ
                                                  –Ω–∞–ª—å–Ω—ã–µ –ø–æ—Å–ª–µ–...

You may provide a definition with
\DeclareUnicodeCharacter 


! Package inputenc Error: Unicode character –Ω (U+43D)
(inputenc)                not set up for use with LaTeX.

See the inputenc package documentation for explanation.
Type  H <return>  for immediate help.
 ...                                              
                                                  
l.2 ...Ä–Ω–æ —Å—Ö–æ–¥—è—â–∏–µ—Å—è —Ñ—É–Ω–∫—Ü–∏–æ–Ω
                                                  –∞–ª—å–Ω—ã–µ –ø–æ—Å–ª–µ–¥–...

You may provide a definition with
\DeclareUnicodeCharacter 


! Package inputenc Error: Unicode character –∞ (U+430)
(inputenc)                not set up for use with LaTeX.

See the inputenc package documentation for explanation.
Type  H <return>  for immediate help.
 ...                                              
                                                  
l.2 ...Ω–æ —Å—Ö–æ–¥—è—â–∏–µ—Å—è —Ñ—É–Ω–∫—Ü–∏–æ–Ω–∞
                                                  –ª—å–Ω—ã–µ –ø–æ—Å–ª–µ–¥–æ–...

You may provide a definition with
\DeclareUnicodeCharacter 


! Package inputenc Error: Unicode character –ª (U+43B)
(inputenc)                not set up for use with LaTeX.

See the inputenc package documentation for explanation.
Type  H <return>  for immediate help.
 ...                                              
                                                  
l.2 ...æ —Å—Ö–æ–¥—è—â–∏–µ—Å—è —Ñ—É–Ω–∫—Ü–∏–æ–Ω–∞–ª
                                                  —å–Ω—ã–µ –ø–æ—Å–ª–µ–¥–æ–≤–...

You may provide a definition with
\DeclareUnicodeCharacter 


! Package inputenc Error: Unicode character —å (U+44C)
(inputenc)                not set up for use with LaTeX.

See the inputenc package documentation for explanation.
Type  H <return>  for immediate help.
 ...                                              
                                                  
l.2 ...—Å—Ö–æ–¥—è—â–∏–µ—Å—è —Ñ—É–Ω–∫—Ü–∏–æ–Ω–∞–ª—å
                                                  –Ω—ã–µ –ø–æ—Å–ª–µ–¥–æ–≤–∞—...

You may provide a definition with
\DeclareUnicodeCharacter 


! Package inputenc Error: Unicode character –Ω (U+43D)
(inputenc)                not set up for use with LaTeX.

See the inputenc package documentation for explanation.
Type  H <return>  for immediate help.
 ...                                              
                                                  
l.2 ...—Ö–æ–¥—è—â–∏–µ—Å—è —Ñ—É–Ω–∫—Ü–∏–æ–Ω–∞–ª—å–Ω
                                                  —ã–µ –ø–æ—Å–ª–µ–¥–æ–≤–∞—Ç–...

You may provide a definition with
\DeclareUnicodeCharacter 


! Package inputenc Error: Unicode character —ã (U+44B)
(inputenc)                not set up for use with LaTeX.

See the inputenc package documentation for explanation.
Type  H <return>  for immediate help.
 ...                                              
                                                  
l.2 ...–æ–¥—è—â–∏–µ—Å—è —Ñ—É–Ω–∫—Ü–∏–æ–Ω–∞–ª—å–Ω—ã
                                                  –µ –ø–æ—Å–ª–µ–¥–æ–≤–∞—Ç–µ–...

You may provide a definition with
\DeclareUnicodeCharacter 


! Package inputenc Error: Unicode character –µ (U+435)
(inputenc)                not set up for use with LaTeX.

See the inputenc package documentation for explanation.
Type  H <return>  for immediate help.
 ...                                              
                                                  
l.2 ...–¥—è—â–∏–µ—Å—è —Ñ—É–Ω–∫—Ü–∏–æ–Ω–∞–ª—å–Ω—ã–µ
                                                   –ø–æ—Å–ª–µ–¥–æ–≤–∞—Ç–µ–ª—...

You may provide a definition with
\DeclareUnicodeCharacter 


! Package inputenc Error: Unicode character –ø (U+43F)
(inputenc)                not set up for use with LaTeX.

See the inputenc package documentation for explanation.
Type  H <return>  for immediate help.
 ...                                              
                                                  
l.2 ...è—â–∏–µ—Å—è —Ñ—É–Ω–∫—Ü–∏–æ–Ω–∞–ª—å–Ω—ã–µ –ø
                                                  –æ—Å–ª–µ–¥–æ–≤–∞—Ç–µ–ª—å–Ω...

You may provide a definition with
\DeclareUnicodeCharacter 


! Package inputenc Error: Unicode character –æ (U+43E)
(inputenc)                not set up for use with LaTeX.

See the inputenc package documentation for explanation.
Type  H <return>  for immediate help.
 ...                                              
                                                  
l.2 ...â–∏–µ—Å—è —Ñ—É–Ω–∫—Ü–∏–æ–Ω–∞–ª—å–Ω—ã–µ –ø–æ
                                                  —Å–ª–µ–¥–æ–≤–∞—Ç–µ–ª—å–Ω–æ...

You may provide a definition with
\DeclareUnicodeCharacter 


! Package inputenc Error: Unicode character —Å (U+441)
(inputenc)                not set up for use with LaTeX.

See the inputenc package documentation for explanation.
Type  H <return>  for immediate help.
 ...                                              
                                                  
l.2 ...∏–µ—Å—è —Ñ—É–Ω–∫—Ü–∏–æ–Ω–∞–ª—å–Ω—ã–µ –ø–æ—Å
                                                  –ª–µ–¥–æ–≤–∞—Ç–µ–ª—å–Ω–æ—Å...

You may provide a definition with
\DeclareUnicodeCharacter 


! Package inputenc Error: Unicode character –ª (U+43B)
(inputenc)                not set up for use with LaTeX.

See the inputenc package documentation for explanation.
Type  H <return>  for immediate help.
 ...                                              
                                                  
l.2 ...µ—Å—è —Ñ—É–Ω–∫—Ü–∏–æ–Ω–∞–ª—å–Ω—ã–µ –ø–æ—Å–ª
                                                  –µ–¥–æ–≤–∞—Ç–µ–ª—å–Ω–æ—Å—Ç–∏}

You may provide a definition with
\DeclareUnicodeCharacter 


! Package inputenc Error: Unicode character –µ (U+435)
(inputenc)                not set up for use with LaTeX.

See the inputenc package documentation for explanation.
Type  H <return>  for immediate help.
 ...                                              
                                                  
l.2 ...Å—è —Ñ—É–Ω–∫—Ü–∏–æ–Ω–∞–ª—å–Ω—ã–µ –ø–æ—Å–ª–µ
                                                  –¥–æ–≤–∞—Ç–µ–ª—å–Ω–æ—Å—Ç–∏}
You may provide a definition with
\DeclareUnicodeCharacter 


! Package inputenc Error: Unicode character –¥ (U+434)
(inputenc)                not set up for use with LaTeX.

See the inputenc package documentation for explanation.
Type  H <return>  for immediate help.
 ...                                              
                                                  
l.2 ...è —Ñ—É–Ω–∫—Ü–∏–æ–Ω–∞–ª—å–Ω—ã–µ –ø–æ—Å–ª–µ–¥
                                                  –æ–≤–∞—Ç–µ–ª—å–Ω–æ—Å—Ç–∏}
You may provide a definition with
\DeclareUnicodeCharacter 


! Package inputenc Error: Unicode character –æ (U+43E)
(inputenc)                not set up for use with LaTeX.

See the inputenc package documentation for explanation.
Type  H <return>  for immediate help.
 ...                                              
                                                  
l.2 ...—Ñ—É–Ω–∫—Ü–∏–æ–Ω–∞–ª—å–Ω—ã–µ –ø–æ—Å–ª–µ–¥–æ
                                                  –≤–∞—Ç–µ–ª—å–Ω–æ—Å—Ç–∏}
You may provide a definition with
\DeclareUnicodeCharacter 


! Package inputenc Error: Unicode character –≤ (U+432)
(inputenc)                not set up for use with LaTeX.

See the inputenc package documentation for explanation.
Type  H <return>  for immediate help.
 ...                                              
                                                  
l.2 ...—É–Ω–∫—Ü–∏–æ–Ω–∞–ª—å–Ω—ã–µ –ø–æ—Å–ª–µ–¥–æ–≤
                                                  –∞—Ç–µ–ª—å–Ω–æ—Å—Ç–∏}
You may provide a definition with
\DeclareUnicodeCharacter 


! Package inputenc Error: Unicode character –∞ (U+430)
(inputenc)                not set up for use with LaTeX.

See the inputenc package documentation for explanation.
Type  H <return>  for immediate help.
 ...                                              
                                                  
l.2 ...–Ω–∫—Ü–∏–æ–Ω–∞–ª—å–Ω—ã–µ –ø–æ—Å–ª–µ–¥–æ–≤–∞
                                                  —Ç–µ–ª—å–Ω–æ—Å—Ç–∏}
You may provide a definition with
\DeclareUnicodeCharacter 


! Package inputenc Error: Unicode character —Ç (U+442)
(inputenc)                not set up for use with LaTeX.

See the inputenc package documentation for explanation.
Type  H <return>  for immediate help.
 ...                                              
                                                  
l.2 ...–∫—Ü–∏–æ–Ω–∞–ª—å–Ω—ã–µ –ø–æ—Å–ª–µ–¥–æ–≤–∞—Ç
                                                  –µ–ª—å–Ω–æ—Å—Ç–∏}
You may provide a definition with
\DeclareUnicodeCharacter 


! Package inputenc Error: Unicode character –µ (U+435)
(inputenc)                not set up for use with LaTeX.

See the inputenc package documentation for explanation.
Type  H <return>  for immediate help.
 ...                                              
                                                  
l.2 ...—Ü–∏–æ–Ω–∞–ª—å–Ω—ã–µ –ø–æ—Å–ª–µ–¥–æ–≤–∞—Ç–µ
                                                  –ª—å–Ω–æ—Å—Ç–∏}
You may provide a definition with
\DeclareUnicodeCharacter 


! Package inputenc Error: Unicode character –ª (U+43B)
(inputenc)                not set up for use with LaTeX.

See the inputenc package documentation for explanation.
Type  H <return>  for immediate help.
 ...                                              
                                                  
l.2 ...–∏–æ–Ω–∞–ª—å–Ω—ã–µ –ø–æ—Å–ª–µ–¥–æ–≤–∞—Ç–µ–ª
                                                  —å–Ω–æ—Å—Ç–∏}
You may provide a definition with
\DeclareUnicodeCharacter 


! Package inputenc Error: Unicode character —å (U+44C)
(inputenc)                not set up for use with LaTeX.

See the inputenc package documentation for explanation.
Type  H <return>  for immediate help.
 ...                                              
                                                  
l.2 ...–æ–Ω–∞–ª—å–Ω—ã–µ –ø–æ—Å–ª–µ–¥–æ–≤–∞—Ç–µ–ª—å
                                                  –Ω–æ—Å—Ç–∏}
You may provide a definition with
\DeclareUnicodeCharacter 


! Package inputenc Error: Unicode character –Ω (U+43D)
(inputenc)                not set up for use with LaTeX.

See the inputenc package documentation for explanation.
Type  H <return>  for immediate help.
 ...                                              
                                                  
l.2 ...–Ω–∞–ª—å–Ω—ã–µ –ø–æ—Å–ª–µ–¥–æ–≤–∞—Ç–µ–ª—å–Ω
                                                  –æ—Å—Ç–∏}
You may provide a definition with
\DeclareUnicodeCharacter 


! Package inputenc Error: Unicode character –æ (U+43E)
(inputenc)                not set up for use with LaTeX.

See the inputenc package documentation for explanation.
Type  H <return>  for immediate help.
 ...                                              
                                                  
l.2 ...–∞–ª—å–Ω—ã–µ –ø–æ—Å–ª–µ–¥–æ–≤–∞—Ç–µ–ª—å–Ω–æ
                                                  —Å—Ç–∏}
You may provide a definition with
\DeclareUnicodeCharacter 


! Package inputenc Error: Unicode character —Å (U+441)
(inputenc)                not set up for use with LaTeX.

See the inputenc package documentation for explanation.
Type  H <return>  for immediate help.
 ...                                              
                                                  
l.2 ...–ª—å–Ω—ã–µ –ø–æ—Å–ª–µ–¥–æ–≤–∞—Ç–µ–ª—å–Ω–æ—Å
                                                  —Ç–∏}
You may provide a definition with
\DeclareUnicodeCharacter 


! Package inputenc Error: Unicode character —Ç (U+442)
(inputenc)                not set up for use with LaTeX.

See the inputenc package documentation for explanation.
Type  H <return>  for immediate help.
 ...                                              
                                                  
l.2 ...—å–Ω—ã–µ –ø–æ—Å–ª–µ–¥–æ–≤–∞—Ç–µ–ª—å–Ω–æ—Å—Ç
                                                  –∏}
You may provide a definition with
\DeclareUnicodeCharacter 


! Package inputenc Error: Unicode character –∏ (U+438)
(inputenc)                not set up for use with LaTeX.

See the inputenc package documentation for explanation.
Type  H <return>  for immediate help.
 ...                                              
                                                  
l.2 ...–Ω—ã–µ –ø–æ—Å–ª–µ–¥–æ–≤–∞—Ç–µ–ª—å–Ω–æ—Å—Ç–∏
                                                  }
You may provide a definition with
\DeclareUnicodeCharacter 


! LaTeX Error: Environment Def undefined.

See the LaTeX manual or LaTeX Companion for explanation.
Type  H <return>  for immediate help.
 ...                                              
                                                  
l.4 \begin{Def}
               
Your command was ignored.
Type  I <command> <return>  to replace it with another command,
or  <return>  to continue without it.


! LaTeX Error: \begin{document} ended by \end{Def}.

See the LaTeX manual or LaTeX Companion for explanation.
Type  H <return>  for immediate help.
 ...                                              
                                                  
l.6 \end{Def}
             
Your command was ignored.
Type  I <command> <return>  to replace it with another command,
or  <return>  to continue without it.

)
! Emergency stop.
<*> ./4_1.tex
             
*** (job aborted, no legal \end found)

 
Here is how much of TeX's memory you used:
 32 strings out of 492969
 281 string characters out of 3140281
 56693 words of memory out of 3000000
 4006 multiletter control sequences out of 15000+200000
 3640 words of font info for 14 fonts, out of 3000000 for 9000
 1141 hyphenation exceptions out of 8191
 10i,0n,10p,135b,39s stack positions out of 5000i,500n,10000p,200000b,50000s
!  ==> Fatal error occurred, no output PDF file produced!
